#
# There is insufficient memory for the Java Runtime Environment to continue.
# Native memory allocation (malloc) failed to allocate 32744 bytes for ChunkPool::allocate
# Possible reasons:
#   The system is out of physical RAM or swap space
#   The process is running with CompressedOops enabled, and the Java Heap may be blocking the growth of the native heap
# Possible solutions:
#   Reduce memory load on the system
#   Increase physical memory or swap space
#   Check if swap backing store is full
#   Decrease Java heap size (-Xmx/-Xms)
#   Decrease number of Java threads
#   Decrease Java thread stack sizes (-Xss)
#   Set larger code cache with -XX:ReservedCodeCacheSize=
#   JVM is running with Unscaled Compressed Oops mode in which the Java heap is
#     placed in the first 4GB address space. The Java Heap base address is the
#     maximum limit for the native heap growth. Please use -XX:HeapBaseMinAddress
#     to set the Java Heap base and to place the Java Heap above 4GB virtual address.
# This output file may be truncated or incomplete.
#
#  Out of Memory Error (./src/hotspot/share/memory/arena.cpp:81), pid=12988, tid=16024
#
# JRE version: OpenJDK Runtime Environment (11.0.13) (build 11.0.13+0-b1751.21-8125866)
# Java VM: OpenJDK 64-Bit Server VM (11.0.13+0-b1751.21-8125866, mixed mode, tiered, compressed oops, g1 gc, windows-amd64)
# No core dump will be written. Minidumps are not enabled by default on client versions of Windows
#

---------------  S U M M A R Y ------------

Command Line: --add-opens=java.base/java.util=ALL-UNNAMED --add-opens=java.base/java.lang=ALL-UNNAMED --add-opens=java.base/java.lang.invoke=ALL-UNNAMED --add-opens=java.base/java.util=ALL-UNNAMED --add-opens=java.prefs/java.util.prefs=ALL-UNNAMED --add-opens=java.prefs/java.util.prefs=ALL-UNNAMED --add-opens=java.base/java.nio.charset=ALL-UNNAMED --add-opens=java.base/java.net=ALL-UNNAMED --add-opens=java.base/java.util.concurrent.atomic=ALL-UNNAMED -Xmx2048m -Dfile.encoding=UTF-8 -Duser.country=US -Duser.language=en -Duser.variant org.gradle.launcher.daemon.bootstrap.GradleDaemon 7.2

Host: Intel(R) Core(TM) i5-6300U CPU @ 2.40GHz, 4 cores, 7G,  Windows 10 , 64 bit Build 19041 (10.0.19041.1889)
Time: Fri Oct 14 20:36:21 2022 Malay Peninsula Standard Time elapsed time: 259.097630 seconds (0d 0h 4m 19s)

---------------  T H R E A D  ---------------

Current thread (0x000001ea2720c800):  JavaThread "C2 CompilerThread0" daemon [_thread_in_native, id=16024, stack(0x0000005d5e200000,0x0000005d5e300000)]


Current CompileTask:
C2: 259097 15399       4       com.android.aaptcompiler.XmlStringBuilder::append (394 bytes)

Stack: [0x0000005d5e200000,0x0000005d5e300000]
Native frames: (J=compiled Java code, j=interpreted, Vv=VM code, C=native code)
V  [jvm.dll+0x6100fa]
V  [jvm.dll+0x747090]
V  [jvm.dll+0x7486ad]
V  [jvm.dll+0x748d83]
V  [jvm.dll+0x24ab48]
V  [jvm.dll+0xc075b]
V  [jvm.dll+0xc0a0c]
V  [jvm.dll+0x5a0b03]
V  [jvm.dll+0x5a0c28]
V  [jvm.dll+0x5a5f4e]
V  [jvm.dll+0x5a672f]
V  [jvm.dll+0x5a530e]
V  [jvm.dll+0x203152]
V  [jvm.dll+0x202437]
V  [jvm.dll+0x188e01]
V  [jvm.dll+0x21106b]
V  [jvm.dll+0x20f8c1]
V  [jvm.dll+0x70de0f]
V  [jvm.dll+0x706a75]
V  [jvm.dll+0x60ed66]
C  [ucrtbase.dll+0x21bb2]
C  [KERNEL32.DLL+0x17034]
C  [ntdll.dll+0x526a1]


---------------  P R O C E S S  ---------------

Threads class SMR info:
_java_thread_list=0x000001ea2c7e2410, length=87, elements={
0x000001ea0d5e3800, 0x000001ea271e6000, 0x000001ea271e7000, 0x000001ea27201000,
0x000001ea27202000, 0x000001ea27204800, 0x000001ea2720c800, 0x000001ea27219000,
0x000001ea2721c000, 0x000001ea27cb1800, 0x000001ea29b50000, 0x000001ea2928b800,
0x000001ea289ba000, 0x000001ea29bf4800, 0x000001ea29bf7000, 0x000001ea29bf6000,
0x000001ea29bf8000, 0x000001ea29bf3000, 0x000001ea29bf2000, 0x000001ea29bf3800,
0x000001ea29bf5800, 0x000001ea28d40000, 0x000001ea28d3b000, 0x000001ea28d3e000,
0x000001ea2ca9f000, 0x000001ea2ca9b000, 0x000001ea2ca98800, 0x000001ea2ca99000,
0x000001ea2ca9a000, 0x000001ea2ca95000, 0x000001ea2ca9b800, 0x000001ea2ca96000,
0x000001ea2ca9c800, 0x000001ea2ca97800, 0x000001ea2ca97000, 0x000001ea2caa1800,
0x000001ea2ca9e000, 0x000001ea2caa2000, 0x000001ea2caa3000, 0x000001ea2caa0800,
0x000001ea2caa0000, 0x000001ea2ca9d800, 0x000001ea2caa4000, 0x000001ea28d3d800,
0x000001ea28d3a000, 0x000001ea28d3b800, 0x000001ea28d3f000, 0x000001ea28d40800,
0x000001ea28d42000, 0x000001ea28d3c800, 0x000001ea28d48000, 0x000001ea28d43000,
0x000001ea28d44800, 0x000001ea28d44000, 0x000001ea28d45800, 0x000001ea28d46800,
0x000001ea28d47000, 0x000001ea28d48800, 0x000001ea29bf1800, 0x000001ea2c934000,
0x000001ea2c936800, 0x000001ea2c937000, 0x000001ea2c934800, 0x000001ea2c938000,
0x000001ea2c93a800, 0x000001ea2c939000, 0x000001ea2c939800, 0x000001ea2c93b800,
0x000001ea2c935800, 0x000001ea2c940000, 0x000001ea2c93c000, 0x000001ea2c941000,
0x000001ea2c93d000, 0x000001ea2c93d800, 0x000001ea2c93e800, 0x000001ea2c942000,
0x000001ea2c93f800, 0x000001ea2c942800, 0x000001ea2e66f800, 0x000001ea2e66b800,
0x000001ea2e66f000, 0x000001ea2e66a800, 0x000001ea2e66a000, 0x000001ea2e66c800,
0x000001ea2e670800, 0x000001ea2e66e000, 0x000001ea2e671800
}

Java Threads: ( => current thread )
  0x000001ea0d5e3800 JavaThread "main" [_thread_blocked, id=15112, stack(0x0000005d5d600000,0x0000005d5d700000)]
  0x000001ea271e6000 JavaThread "Reference Handler" daemon [_thread_blocked, id=12704, stack(0x0000005d5dd00000,0x0000005d5de00000)]
  0x000001ea271e7000 JavaThread "Finalizer" daemon [_thread_blocked, id=14524, stack(0x0000005d5de00000,0x0000005d5df00000)]
  0x000001ea27201000 JavaThread "Signal Dispatcher" daemon [_thread_blocked, id=5704, stack(0x0000005d5df00000,0x0000005d5e000000)]
  0x000001ea27202000 JavaThread "Attach Listener" daemon [_thread_blocked, id=5632, stack(0x0000005d5e000000,0x0000005d5e100000)]
  0x000001ea27204800 JavaThread "Service Thread" daemon [_thread_blocked, id=13348, stack(0x0000005d5e100000,0x0000005d5e200000)]
=>0x000001ea2720c800 JavaThread "C2 CompilerThread0" daemon [_thread_in_native, id=16024, stack(0x0000005d5e200000,0x0000005d5e300000)]
  0x000001ea27219000 JavaThread "C1 CompilerThread0" daemon [_thread_in_native, id=15840, stack(0x0000005d5e300000,0x0000005d5e400000)]
  0x000001ea2721c000 JavaThread "Sweeper thread" daemon [_thread_blocked, id=15160, stack(0x0000005d5e400000,0x0000005d5e500000)]
  0x000001ea27cb1800 JavaThread "Common-Cleaner" daemon [_thread_blocked, id=10404, stack(0x0000005d5e500000,0x0000005d5e600000)]
  0x000001ea29b50000 JavaThread "Daemon health stats" [_thread_blocked, id=13468, stack(0x0000005d5e800000,0x0000005d5e900000)]
  0x000001ea2928b800 JavaThread "Incoming local TCP Connector on port 54790" [_thread_in_native, id=7632, stack(0x0000005d5e900000,0x0000005d5ea00000)]
  0x000001ea289ba000 JavaThread "Daemon periodic checks" [_thread_blocked, id=14656, stack(0x0000005d5ec00000,0x0000005d5ed00000)]
  0x000001ea29bf4800 JavaThread "Cache worker for journal cache (C:\Users\admin\.gradle\caches\journal-1)" [_thread_blocked, id=13396, stack(0x0000005d5f400000,0x0000005d5f500000)]
  0x000001ea29bf7000 JavaThread "File lock request listener" [_thread_in_native, id=6160, stack(0x0000005d5f500000,0x0000005d5f600000)]
  0x000001ea29bf6000 JavaThread "Cache worker for file hash cache (C:\Users\admin\.gradle\caches\7.2\fileHashes)" [_thread_blocked, id=5344, stack(0x0000005d5f600000,0x0000005d5f700000)]
  0x000001ea29bf8000 JavaThread "File watcher server" daemon [_thread_in_native, id=11244, stack(0x0000005d5f800000,0x0000005d5f900000)]
  0x000001ea29bf3000 JavaThread "File watcher consumer" daemon [_thread_blocked, id=4892, stack(0x0000005d5f900000,0x0000005d5fa00000)]
  0x000001ea29bf2000 JavaThread "jar transforms" [_thread_blocked, id=8620, stack(0x0000005d5fa00000,0x0000005d5fb00000)]
  0x000001ea29bf3800 JavaThread "jar transforms Thread 2" [_thread_blocked, id=14632, stack(0x0000005d5fb00000,0x0000005d5fc00000)]
  0x000001ea29bf5800 JavaThread "jar transforms Thread 3" [_thread_blocked, id=15364, stack(0x0000005d5fc00000,0x0000005d5fd00000)]
  0x000001ea28d40000 JavaThread "jar transforms Thread 4" [_thread_blocked, id=15528, stack(0x0000005d5fd00000,0x0000005d5fe00000)]
  0x000001ea28d3b000 JavaThread "Cache worker for execution history cache (C:\Users\admin\.gradle\caches\7.2\executionHistory)" [_thread_blocked, id=11288, stack(0x0000005d60100000,0x0000005d60200000)]
  0x000001ea28d3e000 JavaThread "Cache worker for file content cache (C:\Users\admin\.gradle\caches\7.2\fileContent)" [_thread_blocked, id=2872, stack(0x0000005d60200000,0x0000005d60300000)]
  0x000001ea2ca9f000 JavaThread "Memory manager" [_thread_blocked, id=6152, stack(0x0000005d62d00000,0x0000005d62e00000)]
  0x000001ea2ca9b000 JavaThread "Daemon Thread 2" [_thread_blocked, id=15156, stack(0x0000005d5d300000,0x0000005d5d400000)]
  0x000001ea2ca98800 JavaThread "Handler for socket connection from /127.0.0.1:54790 to /127.0.0.1:54815" [_thread_in_native, id=11424, stack(0x0000005d5d400000,0x0000005d5d500000)]
  0x000001ea2ca99000 JavaThread "Cancel handler" [_thread_blocked, id=7028, stack(0x0000005d5d500000,0x0000005d5d600000)]
  0x000001ea2ca9a000 JavaThread "Daemon worker Thread 2" [_thread_blocked, id=8100, stack(0x0000005d5ed00000,0x0000005d5ee00000)]
  0x000001ea2ca95000 JavaThread "Asynchronous log dispatcher for DefaultDaemonConnection: socket connection from /127.0.0.1:54790 to /127.0.0.1:54815" [_thread_blocked, id=16376, stack(0x0000005d5ee00000,0x0000005d5ef00000)]
  0x000001ea2ca9b800 JavaThread "Stdin handler" [_thread_blocked, id=360, stack(0x0000005d5ef00000,0x0000005d5f000000)]
  0x000001ea2ca96000 JavaThread "Daemon client event forwarder" [_thread_blocked, id=17384, stack(0x0000005d5f000000,0x0000005d5f100000)]
  0x000001ea2ca9c800 JavaThread "Cache worker for file hash cache (C:\Users\admin\Music\internationalPlayers\PET MED\PETMED2\.gradle\7.2\fileHashes)" [_thread_blocked, id=16268, stack(0x0000005d5f100000,0x0000005d5f200000)]
  0x000001ea2ca97800 JavaThread "Cache worker for checksums cache (C:\Users\admin\Music\internationalPlayers\PET MED\PETMED2\.gradle\checksums)" [_thread_blocked, id=2448, stack(0x0000005d5f200000,0x0000005d5f300000)]
  0x000001ea2ca97000 JavaThread "Cache worker for cache directory md-supplier (C:\Users\admin\.gradle\caches\7.2\md-supplier)" [_thread_blocked, id=15424, stack(0x0000005d5f300000,0x0000005d5f400000)]
  0x000001ea2caa1800 JavaThread "Cache worker for cache directory md-rule (C:\Users\admin\.gradle\caches\7.2\md-rule)" [_thread_blocked, id=13736, stack(0x0000005d5f700000,0x0000005d5f800000)]
  0x000001ea2ca9e000 JavaThread "Cache worker for dependencies-accessors (C:\Users\admin\Music\internationalPlayers\PET MED\PETMED2\.gradle\7.2\dependencies-accessors)" [_thread_blocked, id=3056, stack(0x0000005d5fe00000,0x0000005d5ff00000)]
  0x000001ea2caa2000 JavaThread "Cache worker for Build Output Cleanup Cache (C:\Users\admin\Music\internationalPlayers\PET MED\PETMED2\.gradle\buildOutputCleanup)" [_thread_blocked, id=12000, stack(0x0000005d5ff00000,0x0000005d60000000)]
  0x000001ea2caa3000 JavaThread "Unconstrained build operations" [_thread_blocked, id=6172, stack(0x0000005d60000000,0x0000005d60100000)]
  0x000001ea2caa0800 JavaThread "Unconstrained build operations Thread 2" [_thread_blocked, id=1700, stack(0x0000005d60300000,0x0000005d60400000)]
  0x000001ea2caa0000 JavaThread "Unconstrained build operations Thread 3" [_thread_blocked, id=9148, stack(0x0000005d60400000,0x0000005d60500000)]
  0x000001ea2ca9d800 JavaThread "Unconstrained build operations Thread 4" [_thread_blocked, id=16488, stack(0x0000005d60500000,0x0000005d60600000)]
  0x000001ea2caa4000 JavaThread "Unconstrained build operations Thread 5" [_thread_blocked, id=10372, stack(0x0000005d60600000,0x0000005d60700000)]
  0x000001ea28d3d800 JavaThread "Unconstrained build operations Thread 6" [_thread_blocked, id=16144, stack(0x0000005d60700000,0x0000005d60800000)]
  0x000001ea28d3a000 JavaThread "Unconstrained build operations Thread 7" [_thread_blocked, id=16560, stack(0x0000005d60800000,0x0000005d60900000)]
  0x000001ea28d3b800 JavaThread "Unconstrained build operations Thread 8" [_thread_blocked, id=17004, stack(0x0000005d60900000,0x0000005d60a00000)]
  0x000001ea28d3f000 JavaThread "Unconstrained build operations Thread 9" [_thread_blocked, id=15896, stack(0x0000005d60a00000,0x0000005d60b00000)]
  0x000001ea28d40800 JavaThread "Unconstrained build operations Thread 10" [_thread_blocked, id=14796, stack(0x0000005d60b00000,0x0000005d60c00000)]
  0x000001ea28d42000 JavaThread "Unconstrained build operations Thread 11" [_thread_blocked, id=11132, stack(0x0000005d60c00000,0x0000005d60d00000)]
  0x000001ea28d3c800 JavaThread "Unconstrained build operations Thread 12" [_thread_blocked, id=7920, stack(0x0000005d60d00000,0x0000005d60e00000)]
  0x000001ea28d48000 JavaThread "Unconstrained build operations Thread 13" [_thread_blocked, id=11460, stack(0x0000005d60e00000,0x0000005d60f00000)]
  0x000001ea28d43000 JavaThread "Unconstrained build operations Thread 14" [_thread_blocked, id=14324, stack(0x0000005d60f00000,0x0000005d61000000)]
  0x000001ea28d44800 JavaThread "Unconstrained build operations Thread 15" [_thread_blocked, id=10480, stack(0x0000005d61000000,0x0000005d61100000)]
  0x000001ea28d44000 JavaThread "Unconstrained build operations Thread 16" [_thread_blocked, id=3920, stack(0x0000005d61100000,0x0000005d61200000)]
  0x000001ea28d45800 JavaThread "Unconstrained build operations Thread 17" [_thread_blocked, id=2716, stack(0x0000005d61200000,0x0000005d61300000)]
  0x000001ea28d46800 JavaThread "Unconstrained build operations Thread 18" [_thread_blocked, id=11100, stack(0x0000005d61300000,0x0000005d61400000)]
  0x000001ea28d47000 JavaThread "Unconstrained build operations Thread 19" [_thread_blocked, id=17140, stack(0x0000005d61400000,0x0000005d61500000)]
  0x000001ea28d48800 JavaThread "Unconstrained build operations Thread 20" [_thread_blocked, id=4688, stack(0x0000005d61500000,0x0000005d61600000)]
  0x000001ea29bf1800 JavaThread "Unconstrained build operations Thread 21" [_thread_blocked, id=16452, stack(0x0000005d61600000,0x0000005d61700000)]
  0x000001ea2c934000 JavaThread "Unconstrained build operations Thread 22" [_thread_blocked, id=5688, stack(0x0000005d61700000,0x0000005d61800000)]
  0x000001ea2c936800 JavaThread "Unconstrained build operations Thread 23" [_thread_blocked, id=15116, stack(0x0000005d61800000,0x0000005d61900000)]
  0x000001ea2c937000 JavaThread "Unconstrained build operations Thread 24" [_thread_blocked, id=2376, stack(0x0000005d61900000,0x0000005d61a00000)]
  0x000001ea2c934800 JavaThread "Unconstrained build operations Thread 25" [_thread_blocked, id=16504, stack(0x0000005d61a00000,0x0000005d61b00000)]
  0x000001ea2c938000 JavaThread "Unconstrained build operations Thread 26" [_thread_blocked, id=12672, stack(0x0000005d61b00000,0x0000005d61c00000)]
  0x000001ea2c93a800 JavaThread "Unconstrained build operations Thread 27" [_thread_blocked, id=13168, stack(0x0000005d61c00000,0x0000005d61d00000)]
  0x000001ea2c939000 JavaThread "Unconstrained build operations Thread 28" [_thread_blocked, id=13380, stack(0x0000005d61d00000,0x0000005d61e00000)]
  0x000001ea2c939800 JavaThread "Unconstrained build operations Thread 29" [_thread_blocked, id=1396, stack(0x0000005d61e00000,0x0000005d61f00000)]
  0x000001ea2c93b800 JavaThread "Unconstrained build operations Thread 30" [_thread_blocked, id=1892, stack(0x0000005d61f00000,0x0000005d62000000)]
  0x000001ea2c935800 JavaThread "Unconstrained build operations Thread 31" [_thread_blocked, id=15852, stack(0x0000005d62000000,0x0000005d62100000)]
  0x000001ea2c940000 JavaThread "Unconstrained build operations Thread 32" [_thread_blocked, id=16612, stack(0x0000005d62100000,0x0000005d62200000)]
  0x000001ea2c93c000 JavaThread "Unconstrained build operations Thread 33" [_thread_blocked, id=10700, stack(0x0000005d62200000,0x0000005d62300000)]
  0x000001ea2c941000 JavaThread "Unconstrained build operations Thread 34" [_thread_blocked, id=1868, stack(0x0000005d62300000,0x0000005d62400000)]
  0x000001ea2c93d000 JavaThread "Unconstrained build operations Thread 35" [_thread_blocked, id=5684, stack(0x0000005d62400000,0x0000005d62500000)]
  0x000001ea2c93d800 JavaThread "Unconstrained build operations Thread 36" [_thread_blocked, id=15844, stack(0x0000005d62500000,0x0000005d62600000)]
  0x000001ea2c93e800 JavaThread "Unconstrained build operations Thread 37" [_thread_blocked, id=10896, stack(0x0000005d62600000,0x0000005d62700000)]
  0x000001ea2c942000 JavaThread "Unconstrained build operations Thread 38" [_thread_blocked, id=5708, stack(0x0000005d62700000,0x0000005d62800000)]
  0x000001ea2c93f800 JavaThread "Unconstrained build operations Thread 39" [_thread_blocked, id=13988, stack(0x0000005d62800000,0x0000005d62900000)]
  0x000001ea2c942800 JavaThread "Unconstrained build operations Thread 40" [_thread_blocked, id=11480, stack(0x0000005d62900000,0x0000005d62a00000)]
  0x000001ea2e66f800 JavaThread "build event listener" [_thread_blocked, id=9556, stack(0x0000005d62a00000,0x0000005d62b00000)]
  0x000001ea2e66b800 JavaThread "Execution worker for ':'" [_thread_blocked, id=2840, stack(0x0000005d62b00000,0x0000005d62c00000)]
  0x000001ea2e66f000 JavaThread "Execution worker for ':' Thread 2" [_thread_blocked, id=12528, stack(0x0000005d62c00000,0x0000005d62d00000)]
  0x000001ea2e66a800 JavaThread "Execution worker for ':' Thread 3" [_thread_blocked, id=17152, stack(0x0000005d62e00000,0x0000005d62f00000)]
  0x000001ea2e66a000 JavaThread "Cache worker for execution history cache (C:\Users\admin\Music\internationalPlayers\PET MED\PETMED2\.gradle\7.2\executionHistory)" [_thread_blocked, id=10432, stack(0x0000005d62f00000,0x0000005d63000000)]
  0x000001ea2e66c800 JavaThread "WorkerExecutor Queue" [_thread_in_native, id=16844, stack(0x0000005d63000000,0x0000005d63100000)]
  0x000001ea2e670800 JavaThread "WorkerExecutor Queue Thread 2" [_thread_in_native, id=1488, stack(0x0000005d63100000,0x0000005d63200000)]
  0x000001ea2e66e000 JavaThread "WorkerExecutor Queue Thread 3" [_thread_in_native, id=7656, stack(0x0000005d63200000,0x0000005d63300000)]
  0x000001ea2e671800 JavaThread "WorkerExecutor Queue Thread 4" [_thread_in_native, id=7740, stack(0x0000005d63300000,0x0000005d63400000)]

Other Threads:
  0x000001ea271e3000 VMThread "VM Thread" [stack: 0x0000005d5dc00000,0x0000005d5dd00000] [id=13928]
  0x000001ea27ccb000 WatcherThread [stack: 0x0000005d5e600000,0x0000005d5e700000] [id=10616]
  0x000001ea0d5fb800 GCTaskThread "GC Thread#0" [stack: 0x0000005d5d700000,0x0000005d5d800000] [id=8504]
  0x000001ea27e5e000 GCTaskThread "GC Thread#1" [stack: 0x0000005d5e700000,0x0000005d5e800000] [id=15748]
  0x000001ea29cae000 GCTaskThread "GC Thread#2" [stack: 0x0000005d5ea00000,0x0000005d5eb00000] [id=12976]
  0x000001ea29b46000 GCTaskThread "GC Thread#3" [stack: 0x0000005d5eb00000,0x0000005d5ec00000] [id=10848]
  0x000001ea0d62c800 ConcurrentGCThread "G1 Main Marker" [stack: 0x0000005d5d800000,0x0000005d5d900000] [id=3960]
  0x000001ea0d62e000 ConcurrentGCThread "G1 Conc#0" [stack: 0x0000005d5d900000,0x0000005d5da00000] [id=16548]
  0x000001ea27040800 ConcurrentGCThread "G1 Refine#0" [stack: 0x0000005d5da00000,0x0000005d5db00000] [id=1536]
  0x000001ea27041800 ConcurrentGCThread "G1 Young RemSet Sampling" [stack: 0x0000005d5db00000,0x0000005d5dc00000] [id=16712]

Threads with active compile tasks:
C2 CompilerThread0 259208 15399       4       com.android.aaptcompiler.XmlStringBuilder::append (394 bytes)
C1 CompilerThread0 259208 15447       3       com.android.aaptcompiler.TableExtractor::parseAttrImpl (1806 bytes)

VM state:not at safepoint (normal execution)

VM Mutex/Monitor currently owned by a thread: None

Heap address: 0x0000000080000000, size: 2048 MB, Compressed Oops mode: 32-bit
Narrow klass base: 0x0000000000000000, Narrow klass shift: 3
Compressed class space size: 1073741824 Address: 0x0000000100000000

Heap:
 garbage-first heap   total 264192K, used 174139K [0x0000000080000000, 0x0000000100000000)
  region size 1024K, 5 young (5120K), 2 survivors (2048K)
 Metaspace       used 109604K, capacity 112790K, committed 113000K, reserved 1146880K
  class space    used 13678K, capacity 14839K, committed 14848K, reserved 1048576K
Heap Regions: E=young(eden), S=young(survivor), O=old, HS=humongous(starts), HC=humongous(continues), CS=collection set, F=free, A=archive, TAMS=top-at-mark-start (previous, next)
|   0|0x0000000080000000, 0x0000000080100000, 0x0000000080100000|100%| O|  |TAMS 0x0000000080100000, 0x0000000080000000| Untracked 
|   1|0x0000000080100000, 0x0000000080200000, 0x0000000080200000|100%| O|  |TAMS 0x0000000080200000, 0x0000000080100000| Untracked 
|   2|0x0000000080200000, 0x0000000080300000, 0x0000000080300000|100%| O|  |TAMS 0x0000000080300000, 0x0000000080200000| Untracked 
|   3|0x0000000080300000, 0x0000000080400000, 0x0000000080400000|100%|HS|  |TAMS 0x0000000080400000, 0x0000000080300000| Complete 
|   4|0x0000000080400000, 0x0000000080500000, 0x0000000080500000|100%|HC|  |TAMS 0x0000000080500000, 0x0000000080400000| Complete 
|   5|0x0000000080500000, 0x0000000080600000, 0x0000000080600000|100%|HC|  |TAMS 0x0000000080600000, 0x0000000080500000| Complete 
|   6|0x0000000080600000, 0x0000000080700000, 0x0000000080700000|100%| O|  |TAMS 0x0000000080700000, 0x0000000080600000| Untracked 
|   7|0x0000000080700000, 0x0000000080800000, 0x0000000080800000|100%| O|  |TAMS 0x0000000080800000, 0x0000000080700000| Untracked 
|   8|0x0000000080800000, 0x0000000080900000, 0x0000000080900000|100%| O|  |TAMS 0x0000000080900000, 0x0000000080800000| Untracked 
|   9|0x0000000080900000, 0x0000000080a00000, 0x0000000080a00000|100%| O|  |TAMS 0x0000000080a00000, 0x0000000080900000| Untracked 
|  10|0x0000000080a00000, 0x0000000080b00000, 0x0000000080b00000|100%| O|  |TAMS 0x0000000080b00000, 0x0000000080a00000| Untracked 
|  11|0x0000000080b00000, 0x0000000080c00000, 0x0000000080c00000|100%| O|  |TAMS 0x0000000080c00000, 0x0000000080b00000| Untracked 
|  12|0x0000000080c00000, 0x0000000080d00000, 0x0000000080d00000|100%| O|  |TAMS 0x0000000080d00000, 0x0000000080c00000| Untracked 
|  13|0x0000000080d00000, 0x0000000080e00000, 0x0000000080e00000|100%| O|  |TAMS 0x0000000080e00000, 0x0000000080d00000| Untracked 
|  14|0x0000000080e00000, 0x0000000080f00000, 0x0000000080f00000|100%| O|  |TAMS 0x0000000080f00000, 0x0000000080e00000| Untracked 
|  15|0x0000000080f00000, 0x0000000081000000, 0x0000000081000000|100%| O|  |TAMS 0x0000000081000000, 0x0000000080f00000| Untracked 
|  16|0x0000000081000000, 0x0000000081100000, 0x0000000081100000|100%|HS|  |TAMS 0x0000000081100000, 0x0000000081000000| Complete 
|  17|0x0000000081100000, 0x0000000081200000, 0x0000000081200000|100%|HC|  |TAMS 0x0000000081200000, 0x0000000081100000| Complete 
|  18|0x0000000081200000, 0x0000000081300000, 0x0000000081300000|100%|HS|  |TAMS 0x0000000081300000, 0x0000000081200000| Complete 
|  19|0x0000000081300000, 0x0000000081400000, 0x0000000081400000|100%|HC|  |TAMS 0x0000000081400000, 0x0000000081300000| Complete 
|  20|0x0000000081400000, 0x0000000081500000, 0x0000000081500000|100%|HC|  |TAMS 0x0000000081500000, 0x0000000081400000| Complete 
|  21|0x0000000081500000, 0x0000000081600000, 0x0000000081600000|100%|HS|  |TAMS 0x0000000081600000, 0x0000000081500000| Complete 
|  22|0x0000000081600000, 0x0000000081700000, 0x0000000081700000|100%|HC|  |TAMS 0x0000000081700000, 0x0000000081600000| Complete 
|  23|0x0000000081700000, 0x0000000081800000, 0x0000000081800000|100%|HC|  |TAMS 0x0000000081800000, 0x0000000081700000| Complete 
|  24|0x0000000081800000, 0x0000000081900000, 0x0000000081900000|100%|HS|  |TAMS 0x0000000081900000, 0x0000000081800000| Complete 
|  25|0x0000000081900000, 0x0000000081a00000, 0x0000000081a00000|100%|HC|  |TAMS 0x0000000081a00000, 0x0000000081900000| Complete 
|  26|0x0000000081a00000, 0x0000000081b00000, 0x0000000081b00000|100%|HC|  |TAMS 0x0000000081b00000, 0x0000000081a00000| Complete 
|  27|0x0000000081b00000, 0x0000000081c00000, 0x0000000081c00000|100%|HC|  |TAMS 0x0000000081c00000, 0x0000000081b00000| Complete 
|  28|0x0000000081c00000, 0x0000000081d00000, 0x0000000081d00000|100%|HC|  |TAMS 0x0000000081d00000, 0x0000000081c00000| Complete 
|  29|0x0000000081d00000, 0x0000000081e00000, 0x0000000081e00000|100%|HS|  |TAMS 0x0000000081e00000, 0x0000000081d00000| Complete 
|  30|0x0000000081e00000, 0x0000000081f00000, 0x0000000081f00000|100%|HS|  |TAMS 0x0000000081f00000, 0x0000000081e00000| Complete 
|  31|0x0000000081f00000, 0x0000000082000000, 0x0000000082000000|100%|HC|  |TAMS 0x0000000082000000, 0x0000000081f00000| Complete 
|  32|0x0000000082000000, 0x0000000082100000, 0x0000000082100000|100%|HC|  |TAMS 0x0000000082100000, 0x0000000082000000| Complete 
|  33|0x0000000082100000, 0x0000000082200000, 0x0000000082200000|100%|HC|  |TAMS 0x0000000082200000, 0x0000000082100000| Complete 
|  34|0x0000000082200000, 0x0000000082300000, 0x0000000082300000|100%| O|  |TAMS 0x0000000082300000, 0x0000000082200000| Untracked 
|  35|0x0000000082300000, 0x0000000082400000, 0x0000000082400000|100%| O|  |TAMS 0x0000000082400000, 0x0000000082300000| Untracked 
|  36|0x0000000082400000, 0x0000000082500000, 0x0000000082500000|100%| O|  |TAMS 0x0000000082500000, 0x0000000082400000| Untracked 
|  37|0x0000000082500000, 0x0000000082600000, 0x0000000082600000|100%| O|  |TAMS 0x0000000082600000, 0x0000000082500000| Untracked 
|  38|0x0000000082600000, 0x0000000082700000, 0x0000000082700000|100%| O|  |TAMS 0x0000000082700000, 0x0000000082600000| Untracked 
|  39|0x0000000082700000, 0x0000000082800000, 0x0000000082800000|100%| O|  |TAMS 0x0000000082800000, 0x0000000082700000| Untracked 
|  40|0x0000000082800000, 0x0000000082900000, 0x0000000082900000|100%| O|  |TAMS 0x0000000082900000, 0x0000000082800000| Untracked 
|  41|0x0000000082900000, 0x0000000082a00000, 0x0000000082a00000|100%| O|  |TAMS 0x0000000082a00000, 0x0000000082900000| Untracked 
|  42|0x0000000082a00000, 0x0000000082b00000, 0x0000000082b00000|100%| O|  |TAMS 0x0000000082b00000, 0x0000000082a00000| Untracked 
|  43|0x0000000082b00000, 0x0000000082c00000, 0x0000000082c00000|100%| O|  |TAMS 0x0000000082c00000, 0x0000000082b00000| Untracked 
|  44|0x0000000082c00000, 0x0000000082d00000, 0x0000000082d00000|100%|HS|  |TAMS 0x0000000082d00000, 0x0000000082c00000| Complete 
|  45|0x0000000082d00000, 0x0000000082e00000, 0x0000000082e00000|100%|HC|  |TAMS 0x0000000082e00000, 0x0000000082d00000| Complete 
|  46|0x0000000082e00000, 0x0000000082f00000, 0x0000000082f00000|100%|HC|  |TAMS 0x0000000082f00000, 0x0000000082e00000| Complete 
|  47|0x0000000082f00000, 0x0000000083000000, 0x0000000083000000|100%|HC|  |TAMS 0x0000000083000000, 0x0000000082f00000| Complete 
|  48|0x0000000083000000, 0x0000000083100000, 0x0000000083100000|100%|HS|  |TAMS 0x0000000083100000, 0x0000000083000000| Complete 
|  49|0x0000000083100000, 0x0000000083200000, 0x0000000083200000|100%|HC|  |TAMS 0x0000000083200000, 0x0000000083100000| Complete 
|  50|0x0000000083200000, 0x0000000083300000, 0x0000000083300000|100%|HC|  |TAMS 0x0000000083300000, 0x0000000083200000| Complete 
|  51|0x0000000083300000, 0x0000000083400000, 0x0000000083400000|100%|HS|  |TAMS 0x0000000083400000, 0x0000000083300000| Complete 
|  52|0x0000000083400000, 0x0000000083500000, 0x0000000083500000|100%|HC|  |TAMS 0x0000000083500000, 0x0000000083400000| Complete 
|  53|0x0000000083500000, 0x0000000083600000, 0x0000000083600000|100%|HS|  |TAMS 0x0000000083600000, 0x0000000083500000| Complete 
|  54|0x0000000083600000, 0x0000000083700000, 0x0000000083700000|100%|HC|  |TAMS 0x0000000083700000, 0x0000000083600000| Complete 
|  55|0x0000000083700000, 0x0000000083800000, 0x0000000083800000|100%|HC|  |TAMS 0x0000000083800000, 0x0000000083700000| Complete 
|  56|0x0000000083800000, 0x0000000083900000, 0x0000000083900000|100%| O|  |TAMS 0x0000000083900000, 0x0000000083800000| Untracked 
|  57|0x0000000083900000, 0x0000000083a00000, 0x0000000083a00000|100%| O|  |TAMS 0x0000000083a00000, 0x0000000083900000| Untracked 
|  58|0x0000000083a00000, 0x0000000083b00000, 0x0000000083b00000|100%| O|  |TAMS 0x0000000083b00000, 0x0000000083a00000| Untracked 
|  59|0x0000000083b00000, 0x0000000083c00000, 0x0000000083c00000|100%| O|  |TAMS 0x0000000083c00000, 0x0000000083b00000| Untracked 
|  60|0x0000000083c00000, 0x0000000083d00000, 0x0000000083d00000|100%| O|  |TAMS 0x0000000083d00000, 0x0000000083c00000| Untracked 
|  61|0x0000000083d00000, 0x0000000083e00000, 0x0000000083e00000|100%| O|  |TAMS 0x0000000083e00000, 0x0000000083d00000| Untracked 
|  62|0x0000000083e00000, 0x0000000083f00000, 0x0000000083f00000|100%| O|  |TAMS 0x0000000083f00000, 0x0000000083e00000| Untracked 
|  63|0x0000000083f00000, 0x0000000084000000, 0x0000000084000000|100%| O|  |TAMS 0x0000000084000000, 0x0000000083f00000| Untracked 
|  64|0x0000000084000000, 0x0000000084100000, 0x0000000084100000|100%| O|  |TAMS 0x0000000084100000, 0x0000000084000000| Untracked 
|  65|0x0000000084100000, 0x0000000084200000, 0x0000000084200000|100%| O|  |TAMS 0x0000000084200000, 0x0000000084100000| Untracked 
|  66|0x0000000084200000, 0x0000000084300000, 0x0000000084300000|100%| O|  |TAMS 0x0000000084300000, 0x0000000084200000| Untracked 
|  67|0x0000000084300000, 0x0000000084400000, 0x0000000084400000|100%| O|  |TAMS 0x0000000084400000, 0x0000000084300000| Untracked 
|  68|0x0000000084400000, 0x0000000084500000, 0x0000000084500000|100%| O|  |TAMS 0x0000000084500000, 0x0000000084400000| Untracked 
|  69|0x0000000084500000, 0x0000000084600000, 0x0000000084600000|100%|HS|  |TAMS 0x0000000084600000, 0x0000000084500000| Complete 
|  70|0x0000000084600000, 0x0000000084700000, 0x0000000084700000|100%|HC|  |TAMS 0x0000000084700000, 0x0000000084600000| Complete 
|  71|0x0000000084700000, 0x0000000084800000, 0x0000000084800000|100%|HC|  |TAMS 0x0000000084800000, 0x0000000084700000| Complete 
|  72|0x0000000084800000, 0x0000000084900000, 0x0000000084900000|100%|HC|  |TAMS 0x0000000084900000, 0x0000000084800000| Complete 
|  73|0x0000000084900000, 0x0000000084a00000, 0x0000000084a00000|100%|HC|  |TAMS 0x0000000084a00000, 0x0000000084900000| Complete 
|  74|0x0000000084a00000, 0x0000000084b00000, 0x0000000084b00000|100%|HS|  |TAMS 0x0000000084b00000, 0x0000000084a00000| Complete 
|  75|0x0000000084b00000, 0x0000000084c00000, 0x0000000084c00000|100%| O|  |TAMS 0x0000000084c00000, 0x0000000084b00000| Untracked 
|  76|0x0000000084c00000, 0x0000000084d00000, 0x0000000084d00000|100%| O|  |TAMS 0x0000000084d00000, 0x0000000084c00000| Untracked 
|  77|0x0000000084d00000, 0x0000000084e00000, 0x0000000084e00000|100%| O|  |TAMS 0x0000000084e00000, 0x0000000084d00000| Untracked 
|  78|0x0000000084e00000, 0x0000000084f00000, 0x0000000084f00000|100%|HS|  |TAMS 0x0000000084f00000, 0x0000000084e00000| Complete 
|  79|0x0000000084f00000, 0x0000000085000000, 0x0000000085000000|100%|HS|  |TAMS 0x0000000085000000, 0x0000000084f00000| Complete 
|  80|0x0000000085000000, 0x0000000085100000, 0x0000000085100000|100%| O|  |TAMS 0x0000000085100000, 0x0000000085000000| Untracked 
|  81|0x0000000085100000, 0x0000000085200000, 0x0000000085200000|100%| O|  |TAMS 0x0000000085100000, 0x0000000085100000| Untracked 
|  82|0x0000000085200000, 0x0000000085300000, 0x0000000085300000|100%|HS|  |TAMS 0x0000000085300000, 0x0000000085200000| Complete 
|  83|0x0000000085300000, 0x0000000085400000, 0x0000000085400000|100%|HC|  |TAMS 0x0000000085400000, 0x0000000085300000| Complete 
|  84|0x0000000085400000, 0x0000000085500000, 0x0000000085500000|100%| O|  |TAMS 0x0000000085500000, 0x0000000085400000| Untracked 
|  85|0x0000000085500000, 0x0000000085600000, 0x0000000085600000|100%| O|  |TAMS 0x0000000085600000, 0x0000000085500000| Untracked 
|  86|0x0000000085600000, 0x0000000085700000, 0x0000000085700000|100%| O|  |TAMS 0x0000000085700000, 0x0000000085600000| Untracked 
|  87|0x0000000085700000, 0x0000000085800000, 0x0000000085800000|100%| O|  |TAMS 0x0000000085800000, 0x0000000085700000| Untracked 
|  88|0x0000000085800000, 0x0000000085900000, 0x0000000085900000|100%| O|  |TAMS 0x0000000085900000, 0x0000000085800000| Untracked 
|  89|0x0000000085900000, 0x0000000085a00000, 0x0000000085a00000|100%| O|  |TAMS 0x0000000085a00000, 0x0000000085900000| Untracked 
|  90|0x0000000085a00000, 0x0000000085b00000, 0x0000000085b00000|100%| O|  |TAMS 0x0000000085b00000, 0x0000000085a00000| Untracked 
|  91|0x0000000085b00000, 0x0000000085c00000, 0x0000000085c00000|100%| O|  |TAMS 0x0000000085c00000, 0x0000000085b00000| Untracked 
|  92|0x0000000085c00000, 0x0000000085d00000, 0x0000000085d00000|100%| O|  |TAMS 0x0000000085d00000, 0x0000000085c00000| Untracked 
|  93|0x0000000085d00000, 0x0000000085e00000, 0x0000000085e00000|100%| O|  |TAMS 0x0000000085e00000, 0x0000000085d00000| Untracked 
|  94|0x0000000085e00000, 0x0000000085f00000, 0x0000000085f00000|100%| O|  |TAMS 0x0000000085f00000, 0x0000000085e00000| Untracked 
|  95|0x0000000085f00000, 0x0000000086000000, 0x0000000086000000|100%| O|  |TAMS 0x0000000086000000, 0x0000000085f00000| Untracked 
|  96|0x0000000086000000, 0x0000000086100000, 0x0000000086100000|100%| O|  |TAMS 0x0000000086100000, 0x0000000086000000| Untracked 
|  97|0x0000000086100000, 0x0000000086200000, 0x0000000086200000|100%| O|  |TAMS 0x0000000086200000, 0x0000000086100000| Untracked 
|  98|0x0000000086200000, 0x0000000086300000, 0x0000000086300000|100%| O|  |TAMS 0x0000000086300000, 0x0000000086200000| Untracked 
|  99|0x0000000086300000, 0x0000000086400000, 0x0000000086400000|100%| O|  |TAMS 0x0000000086400000, 0x0000000086300000| Untracked 
| 100|0x0000000086400000, 0x0000000086500000, 0x0000000086500000|100%| O|  |TAMS 0x0000000086500000, 0x0000000086400000| Untracked 
| 101|0x0000000086500000, 0x0000000086600000, 0x0000000086600000|100%| O|  |TAMS 0x0000000086600000, 0x0000000086500000| Untracked 
| 102|0x0000000086600000, 0x0000000086700000, 0x0000000086700000|100%| O|  |TAMS 0x0000000086700000, 0x0000000086600000| Untracked 
| 103|0x0000000086700000, 0x0000000086800000, 0x0000000086800000|100%|HS|  |TAMS 0x0000000086800000, 0x0000000086700000| Complete 
| 104|0x0000000086800000, 0x0000000086900000, 0x0000000086900000|100%|HC|  |TAMS 0x0000000086900000, 0x0000000086800000| Complete 
| 105|0x0000000086900000, 0x0000000086a00000, 0x0000000086a00000|100%|HS|  |TAMS 0x0000000086a00000, 0x0000000086900000| Complete 
| 106|0x0000000086a00000, 0x0000000086b00000, 0x0000000086b00000|100%|HC|  |TAMS 0x0000000086b00000, 0x0000000086a00000| Complete 
| 107|0x0000000086b00000, 0x0000000086c00000, 0x0000000086c00000|100%|HC|  |TAMS 0x0000000086c00000, 0x0000000086b00000| Complete 
| 108|0x0000000086c00000, 0x0000000086d00000, 0x0000000086d00000|100%|HS|  |TAMS 0x0000000086d00000, 0x0000000086c00000| Complete 
| 109|0x0000000086d00000, 0x0000000086e00000, 0x0000000086e00000|100%|HC|  |TAMS 0x0000000086e00000, 0x0000000086d00000| Complete 
| 110|0x0000000086e00000, 0x0000000086f00000, 0x0000000086f00000|100%|HC|  |TAMS 0x0000000086f00000, 0x0000000086e00000| Complete 
| 111|0x0000000086f00000, 0x0000000087000000, 0x0000000087000000|100%| O|  |TAMS 0x0000000087000000, 0x0000000086f00000| Untracked 
| 112|0x0000000087000000, 0x0000000087100000, 0x0000000087100000|100%|HS|  |TAMS 0x0000000087100000, 0x0000000087000000| Complete 
| 113|0x0000000087100000, 0x0000000087200000, 0x0000000087200000|100%|HC|  |TAMS 0x0000000087200000, 0x0000000087100000| Complete 
| 114|0x0000000087200000, 0x0000000087300000, 0x0000000087300000|100%|HC|  |TAMS 0x0000000087300000, 0x0000000087200000| Complete 
| 115|0x0000000087300000, 0x0000000087400000, 0x0000000087400000|100%|HC|  |TAMS 0x0000000087400000, 0x0000000087300000| Complete 
| 116|0x0000000087400000, 0x0000000087500000, 0x0000000087500000|100%|HC|  |TAMS 0x0000000087500000, 0x0000000087400000| Complete 
| 117|0x0000000087500000, 0x0000000087600000, 0x0000000087600000|100%|HS|  |TAMS 0x0000000087600000, 0x0000000087500000| Complete 
| 118|0x0000000087600000, 0x0000000087700000, 0x0000000087700000|100%| O|  |TAMS 0x0000000087700000, 0x0000000087600000| Untracked 
| 119|0x0000000087700000, 0x0000000087800000, 0x0000000087800000|100%| O|  |TAMS 0x0000000087800000, 0x0000000087700000| Untracked 
| 120|0x0000000087800000, 0x0000000087900000, 0x0000000087900000|100%| O|  |TAMS 0x0000000087900000, 0x0000000087800000| Untracked 
| 121|0x0000000087900000, 0x0000000087a00000, 0x0000000087a00000|100%|HS|  |TAMS 0x0000000087a00000, 0x0000000087900000| Complete 
| 122|0x0000000087a00000, 0x0000000087b00000, 0x0000000087b00000|100%|HC|  |TAMS 0x0000000087b00000, 0x0000000087a00000| Complete 
| 123|0x0000000087b00000, 0x0000000087c00000, 0x0000000087c00000|100%|HC|  |TAMS 0x0000000087c00000, 0x0000000087b00000| Complete 
| 124|0x0000000087c00000, 0x0000000087d00000, 0x0000000087d00000|100%|HC|  |TAMS 0x0000000087d00000, 0x0000000087c00000| Complete 
| 125|0x0000000087d00000, 0x0000000087e00000, 0x0000000087e00000|100%| O|  |TAMS 0x0000000087e00000, 0x0000000087d00000| Untracked 
| 126|0x0000000087e00000, 0x0000000087f00000, 0x0000000087f00000|100%| O|  |TAMS 0x0000000087f00000, 0x0000000087e00000| Untracked 
| 127|0x0000000087f00000, 0x0000000088000000, 0x0000000088000000|100%| O|  |TAMS 0x0000000088000000, 0x0000000087f00000| Untracked 
| 128|0x0000000088000000, 0x0000000088100000, 0x0000000088100000|100%| O|  |TAMS 0x0000000088100000, 0x0000000088000000| Untracked 
| 129|0x0000000088100000, 0x0000000088200000, 0x0000000088200000|100%| O|  |TAMS 0x0000000088200000, 0x0000000088100000| Untracked 
| 130|0x0000000088200000, 0x0000000088300000, 0x0000000088300000|100%| O|  |TAMS 0x0000000088300000, 0x0000000088200000| Untracked 
| 131|0x0000000088300000, 0x0000000088400000, 0x0000000088400000|100%| O|  |TAMS 0x0000000088400000, 0x0000000088300000| Untracked 
| 132|0x0000000088400000, 0x0000000088500000, 0x0000000088500000|100%| O|  |TAMS 0x0000000088500000, 0x0000000088400000| Untracked 
| 133|0x0000000088500000, 0x0000000088600000, 0x0000000088600000|100%| O|  |TAMS 0x0000000088600000, 0x0000000088500000| Untracked 
| 134|0x0000000088600000, 0x0000000088700000, 0x0000000088700000|100%| O|  |TAMS 0x0000000088700000, 0x0000000088600000| Untracked 
| 135|0x0000000088700000, 0x0000000088800000, 0x0000000088800000|100%| O|  |TAMS 0x0000000088800000, 0x0000000088700000| Untracked 
| 136|0x0000000088800000, 0x0000000088900000, 0x0000000088900000|100%| O|  |TAMS 0x0000000088900000, 0x0000000088800000| Untracked 
| 137|0x0000000088900000, 0x0000000088a00000, 0x0000000088a00000|100%| O|  |TAMS 0x0000000088a00000, 0x0000000088900000| Untracked 
| 138|0x0000000088a00000, 0x0000000088b00000, 0x0000000088b00000|100%| O|  |TAMS 0x0000000088b00000, 0x0000000088a00000| Untracked 
| 139|0x0000000088b00000, 0x0000000088c00000, 0x0000000088c00000|100%| O|  |TAMS 0x0000000088c00000, 0x0000000088b00000| Untracked 
| 140|0x0000000088c00000, 0x0000000088d00000, 0x0000000088d00000|100%| O|  |TAMS 0x0000000088d00000, 0x0000000088c00000| Untracked 
| 141|0x0000000088d00000, 0x0000000088e00000, 0x0000000088e00000|100%| O|  |TAMS 0x0000000088e00000, 0x0000000088d00000| Untracked 
| 142|0x0000000088e00000, 0x0000000088f00000, 0x0000000088f00000|100%| O|  |TAMS 0x0000000088f00000, 0x0000000088e00000| Untracked 
| 143|0x0000000088f00000, 0x0000000089000000, 0x0000000089000000|100%| O|  |TAMS 0x0000000089000000, 0x0000000088f00000| Untracked 
| 144|0x0000000089000000, 0x0000000089100000, 0x0000000089100000|100%| O|  |TAMS 0x0000000089000000, 0x0000000089000000| Untracked 
| 145|0x0000000089100000, 0x0000000089200000, 0x0000000089200000|100%| O|  |TAMS 0x0000000089200000, 0x0000000089100000| Untracked 
| 146|0x0000000089200000, 0x0000000089300000, 0x0000000089300000|100%| O|  |TAMS 0x0000000089300000, 0x0000000089200000| Untracked 
| 147|0x0000000089300000, 0x0000000089300000, 0x0000000089400000|  0%| F|  |TAMS 0x0000000089300000, 0x0000000089300000| Untracked 
| 148|0x0000000089400000, 0x0000000089500000, 0x0000000089500000|100%| O|  |TAMS 0x0000000089400000, 0x0000000089400000| Untracked 
| 149|0x0000000089500000, 0x0000000089600000, 0x0000000089600000|100%| O|  |TAMS 0x0000000089600000, 0x0000000089500000| Untracked 
| 150|0x0000000089600000, 0x0000000089700000, 0x0000000089700000|100%| O|  |TAMS 0x0000000089700000, 0x0000000089600000| Untracked 
| 151|0x0000000089700000, 0x0000000089700000, 0x0000000089800000|  0%| F|  |TAMS 0x0000000089700000, 0x0000000089700000| Untracked 
| 152|0x0000000089800000, 0x0000000089900000, 0x0000000089900000|100%| O|  |TAMS 0x0000000089900000, 0x0000000089800000| Untracked 
| 153|0x0000000089900000, 0x0000000089a00000, 0x0000000089a00000|100%| O|  |TAMS 0x0000000089a00000, 0x0000000089900000| Untracked 
| 154|0x0000000089a00000, 0x0000000089b00000, 0x0000000089b00000|100%| O|  |TAMS 0x0000000089b00000, 0x0000000089a00000| Untracked 
| 155|0x0000000089b00000, 0x0000000089c00000, 0x0000000089c00000|100%| O|  |TAMS 0x0000000089c00000, 0x0000000089b00000| Untracked 
| 156|0x0000000089c00000, 0x0000000089d00000, 0x0000000089d00000|100%| O|  |TAMS 0x0000000089d00000, 0x0000000089c00000| Untracked 
| 157|0x0000000089d00000, 0x0000000089e00000, 0x0000000089e00000|100%| O|  |TAMS 0x0000000089e00000, 0x0000000089d00000| Untracked 
| 158|0x0000000089e00000, 0x0000000089f00000, 0x0000000089f00000|100%| O|  |TAMS 0x0000000089f00000, 0x0000000089e00000| Untracked 
| 159|0x0000000089f00000, 0x000000008a000000, 0x000000008a000000|100%| O|  |TAMS 0x000000008a000000, 0x0000000089f00000| Untracked 
| 160|0x000000008a000000, 0x000000008a100000, 0x000000008a100000|100%| O|  |TAMS 0x000000008a100000, 0x000000008a000000| Untracked 
| 161|0x000000008a100000, 0x000000008a100000, 0x000000008a200000|  0%| F|  |TAMS 0x000000008a100000, 0x000000008a100000| Untracked 
| 162|0x000000008a200000, 0x000000008a300000, 0x000000008a300000|100%| O|  |TAMS 0x000000008a200000, 0x000000008a200000| Untracked 
| 163|0x000000008a300000, 0x000000008a355a00, 0x000000008a400000| 33%| O|  |TAMS 0x000000008a300000, 0x000000008a300000| Untracked 
| 164|0x000000008a400000, 0x000000008a400000, 0x000000008a500000|  0%| F|  |TAMS 0x000000008a400000, 0x000000008a400000| Untracked 
| 165|0x000000008a500000, 0x000000008a500000, 0x000000008a600000|  0%| F|  |TAMS 0x000000008a500000, 0x000000008a500000| Untracked 
| 166|0x000000008a600000, 0x000000008a600000, 0x000000008a700000|  0%| F|  |TAMS 0x000000008a600000, 0x000000008a600000| Untracked 
| 167|0x000000008a700000, 0x000000008a700000, 0x000000008a800000|  0%| F|  |TAMS 0x000000008a700000, 0x000000008a700000| Untracked 
| 168|0x000000008a800000, 0x000000008a800000, 0x000000008a900000|  0%| F|  |TAMS 0x000000008a800000, 0x000000008a800000| Untracked 
| 169|0x000000008a900000, 0x000000008a900000, 0x000000008aa00000|  0%| F|  |TAMS 0x000000008a900000, 0x000000008a900000| Untracked 
| 170|0x000000008aa00000, 0x000000008aa00000, 0x000000008ab00000|  0%| F|  |TAMS 0x000000008aa00000, 0x000000008aa00000| Untracked 
| 171|0x000000008ab00000, 0x000000008ab00000, 0x000000008ac00000|  0%| F|  |TAMS 0x000000008ab00000, 0x000000008ab00000| Untracked 
| 172|0x000000008ac00000, 0x000000008ac00000, 0x000000008ad00000|  0%| F|  |TAMS 0x000000008ac00000, 0x000000008ac00000| Untracked 
| 173|0x000000008ad00000, 0x000000008ad00000, 0x000000008ae00000|  0%| F|  |TAMS 0x000000008ad00000, 0x000000008ad00000| Untracked 
| 174|0x000000008ae00000, 0x000000008ae00000, 0x000000008af00000|  0%| F|  |TAMS 0x000000008ae00000, 0x000000008ae00000| Untracked 
| 175|0x000000008af00000, 0x000000008af00000, 0x000000008b000000|  0%| F|  |TAMS 0x000000008af00000, 0x000000008af00000| Untracked 
| 176|0x000000008b000000, 0x000000008b000000, 0x000000008b100000|  0%| F|  |TAMS 0x000000008b000000, 0x000000008b000000| Untracked 
| 177|0x000000008b100000, 0x000000008b200000, 0x000000008b200000|100%| O|  |TAMS 0x000000008b200000, 0x000000008b100000| Untracked 
| 178|0x000000008b200000, 0x000000008b200000, 0x000000008b300000|  0%| F|  |TAMS 0x000000008b200000, 0x000000008b200000| Untracked 
| 179|0x000000008b300000, 0x000000008b300000, 0x000000008b400000|  0%| F|  |TAMS 0x000000008b300000, 0x000000008b300000| Untracked 
| 180|0x000000008b400000, 0x000000008b400000, 0x000000008b500000|  0%| F|  |TAMS 0x000000008b400000, 0x000000008b400000| Untracked 
| 181|0x000000008b500000, 0x000000008b500000, 0x000000008b600000|  0%| F|  |TAMS 0x000000008b500000, 0x000000008b500000| Untracked 
| 182|0x000000008b600000, 0x000000008b600000, 0x000000008b700000|  0%| F|  |TAMS 0x000000008b600000, 0x000000008b600000| Untracked 
| 183|0x000000008b700000, 0x000000008b700000, 0x000000008b800000|  0%| F|  |TAMS 0x000000008b700000, 0x000000008b700000| Untracked 
| 184|0x000000008b800000, 0x000000008b800000, 0x000000008b900000|  0%| F|  |TAMS 0x000000008b800000, 0x000000008b800000| Untracked 
| 185|0x000000008b900000, 0x000000008b900000, 0x000000008ba00000|  0%| F|  |TAMS 0x000000008b900000, 0x000000008b900000| Untracked 
| 186|0x000000008ba00000, 0x000000008ba00000, 0x000000008bb00000|  0%| F|  |TAMS 0x000000008ba00000, 0x000000008ba00000| Untracked 
| 187|0x000000008bb00000, 0x000000008bb00000, 0x000000008bc00000|  0%| F|  |TAMS 0x000000008bb00000, 0x000000008bb00000| Untracked 
| 188|0x000000008bc00000, 0x000000008bc00000, 0x000000008bd00000|  0%| F|  |TAMS 0x000000008bc00000, 0x000000008bc00000| Untracked 
| 189|0x000000008bd00000, 0x000000008bd00000, 0x000000008be00000|  0%| F|  |TAMS 0x000000008bd00000, 0x000000008bd00000| Untracked 
| 190|0x000000008be00000, 0x000000008be00000, 0x000000008bf00000|  0%| F|  |TAMS 0x000000008be00000, 0x000000008be00000| Untracked 
| 191|0x000000008bf00000, 0x000000008bf00000, 0x000000008c000000|  0%| F|  |TAMS 0x000000008bf00000, 0x000000008bf00000| Untracked 
| 192|0x000000008c000000, 0x000000008c000000, 0x000000008c100000|  0%| F|  |TAMS 0x000000008c000000, 0x000000008c000000| Untracked 
| 193|0x000000008c100000, 0x000000008c100000, 0x000000008c200000|  0%| F|  |TAMS 0x000000008c100000, 0x000000008c100000| Untracked 
| 194|0x000000008c200000, 0x000000008c200000, 0x000000008c300000|  0%| F|  |TAMS 0x000000008c200000, 0x000000008c200000| Untracked 
| 195|0x000000008c300000, 0x000000008c300000, 0x000000008c400000|  0%| F|  |TAMS 0x000000008c300000, 0x000000008c300000| Untracked 
| 196|0x000000008c400000, 0x000000008c400000, 0x000000008c500000|  0%| F|  |TAMS 0x000000008c400000, 0x000000008c400000| Untracked 
| 197|0x000000008c500000, 0x000000008c500000, 0x000000008c600000|  0%| F|  |TAMS 0x000000008c500000, 0x000000008c500000| Untracked 
| 198|0x000000008c600000, 0x000000008c600000, 0x000000008c700000|  0%| F|  |TAMS 0x000000008c600000, 0x000000008c600000| Untracked 
| 199|0x000000008c700000, 0x000000008c700000, 0x000000008c800000|  0%| F|  |TAMS 0x000000008c700000, 0x000000008c700000| Untracked 
| 200|0x000000008c800000, 0x000000008c900000, 0x000000008c900000|100%| O|  |TAMS 0x000000008c900000, 0x000000008c800000| Untracked 
| 201|0x000000008c900000, 0x000000008c900000, 0x000000008ca00000|  0%| F|  |TAMS 0x000000008c900000, 0x000000008c900000| Untracked 
| 202|0x000000008ca00000, 0x000000008ca00000, 0x000000008cb00000|  0%| F|  |TAMS 0x000000008ca00000, 0x000000008ca00000| Untracked 
| 203|0x000000008cb00000, 0x000000008cb00000, 0x000000008cc00000|  0%| F|  |TAMS 0x000000008cb00000, 0x000000008cb00000| Untracked 
| 204|0x000000008cc00000, 0x000000008cd00000, 0x000000008cd00000|100%| O|  |TAMS 0x000000008cd00000, 0x000000008cc00000| Untracked 
| 205|0x000000008cd00000, 0x000000008cd00000, 0x000000008ce00000|  0%| F|  |TAMS 0x000000008cd00000, 0x000000008cd00000| Untracked 
| 206|0x000000008ce00000, 0x000000008ce00000, 0x000000008cf00000|  0%| F|  |TAMS 0x000000008ce00000, 0x000000008ce00000| Untracked 
| 207|0x000000008cf00000, 0x000000008d000000, 0x000000008d000000|100%| O|  |TAMS 0x000000008d000000, 0x000000008cf00000| Untracked 
| 208|0x000000008d000000, 0x000000008d100000, 0x000000008d100000|100%| O|  |TAMS 0x000000008d078000, 0x000000008d000000| Untracked 
| 209|0x000000008d100000, 0x000000008d100000, 0x000000008d200000|  0%| F|  |TAMS 0x000000008d100000, 0x000000008d100000| Untracked 
| 210|0x000000008d200000, 0x000000008d200000, 0x000000008d300000|  0%| F|  |TAMS 0x000000008d200000, 0x000000008d200000| Untracked 
| 211|0x000000008d300000, 0x000000008d300000, 0x000000008d400000|  0%| F|  |TAMS 0x000000008d300000, 0x000000008d300000| Untracked 
| 212|0x000000008d400000, 0x000000008d400000, 0x000000008d500000|  0%| F|  |TAMS 0x000000008d400000, 0x000000008d400000| Untracked 
| 213|0x000000008d500000, 0x000000008d500000, 0x000000008d600000|  0%| F|  |TAMS 0x000000008d500000, 0x000000008d500000| Untracked 
| 214|0x000000008d600000, 0x000000008d600000, 0x000000008d700000|  0%| F|  |TAMS 0x000000008d600000, 0x000000008d600000| Untracked 
| 215|0x000000008d700000, 0x000000008d700000, 0x000000008d800000|  0%| F|  |TAMS 0x000000008d700000, 0x000000008d700000| Untracked 
| 216|0x000000008d800000, 0x000000008d800000, 0x000000008d900000|  0%| F|  |TAMS 0x000000008d800000, 0x000000008d800000| Untracked 
| 217|0x000000008d900000, 0x000000008d900000, 0x000000008da00000|  0%| F|  |TAMS 0x000000008d900000, 0x000000008d900000| Untracked 
| 218|0x000000008da00000, 0x000000008da00000, 0x000000008db00000|  0%| F|  |TAMS 0x000000008da00000, 0x000000008da00000| Untracked 
| 219|0x000000008db00000, 0x000000008db00000, 0x000000008dc00000|  0%| F|  |TAMS 0x000000008db00000, 0x000000008db00000| Untracked 
| 220|0x000000008dc00000, 0x000000008dc00000, 0x000000008dd00000|  0%| F|  |TAMS 0x000000008dc00000, 0x000000008dc00000| Untracked 
| 221|0x000000008dd00000, 0x000000008dd00000, 0x000000008de00000|  0%| F|  |TAMS 0x000000008dd00000, 0x000000008dd00000| Untracked 
| 222|0x000000008de00000, 0x000000008de00000, 0x000000008df00000|  0%| F|  |TAMS 0x000000008de00000, 0x000000008de00000| Untracked 
| 223|0x000000008df00000, 0x000000008df00000, 0x000000008e000000|  0%| F|  |TAMS 0x000000008df00000, 0x000000008df00000| Untracked 
| 224|0x000000008e000000, 0x000000008e100000, 0x000000008e100000|100%| O|  |TAMS 0x000000008e100000, 0x000000008e000000| Untracked 
| 225|0x000000008e100000, 0x000000008e100000, 0x000000008e200000|  0%| F|  |TAMS 0x000000008e100000, 0x000000008e100000| Untracked 
| 226|0x000000008e200000, 0x000000008e200000, 0x000000008e300000|  0%| F|  |TAMS 0x000000008e200000, 0x000000008e200000| Untracked 
| 227|0x000000008e300000, 0x000000008e300000, 0x000000008e400000|  0%| F|  |TAMS 0x000000008e300000, 0x000000008e300000| Untracked 
| 228|0x000000008e400000, 0x000000008e400000, 0x000000008e500000|  0%| F|  |TAMS 0x000000008e400000, 0x000000008e400000| Untracked 
| 229|0x000000008e500000, 0x000000008e500000, 0x000000008e600000|  0%| F|  |TAMS 0x000000008e500000, 0x000000008e500000| Untracked 
| 230|0x000000008e600000, 0x000000008e600000, 0x000000008e700000|  0%| F|  |TAMS 0x000000008e600000, 0x000000008e600000| Untracked 
| 231|0x000000008e700000, 0x000000008e700000, 0x000000008e800000|  0%| F|  |TAMS 0x000000008e700000, 0x000000008e700000| Untracked 
| 232|0x000000008e800000, 0x000000008e800000, 0x000000008e900000|  0%| F|  |TAMS 0x000000008e800000, 0x000000008e800000| Untracked 
| 233|0x000000008e900000, 0x000000008e900000, 0x000000008ea00000|  0%| F|  |TAMS 0x000000008e900000, 0x000000008e900000| Untracked 
| 234|0x000000008ea00000, 0x000000008ea00000, 0x000000008eb00000|  0%| F|  |TAMS 0x000000008ea00000, 0x000000008ea00000| Untracked 
| 235|0x000000008eb00000, 0x000000008eb00000, 0x000000008ec00000|  0%| F|  |TAMS 0x000000008eb00000, 0x000000008eb00000| Untracked 
| 236|0x000000008ec00000, 0x000000008ec00000, 0x000000008ed00000|  0%| F|  |TAMS 0x000000008ec00000, 0x000000008ec00000| Untracked 
| 237|0x000000008ed00000, 0x000000008ed00000, 0x000000008ee00000|  0%| F|  |TAMS 0x000000008ed00000, 0x000000008ed00000| Untracked 
| 238|0x000000008ee00000, 0x000000008ee00000, 0x000000008ef00000|  0%| F|  |TAMS 0x000000008ee00000, 0x000000008ee00000| Untracked 
| 239|0x000000008ef00000, 0x000000008ef00000, 0x000000008f000000|  0%| F|  |TAMS 0x000000008ef00000, 0x000000008ef00000| Untracked 
| 240|0x000000008f000000, 0x000000008f000000, 0x000000008f100000|  0%| F|  |TAMS 0x000000008f000000, 0x000000008f000000| Untracked 
| 241|0x000000008f100000, 0x000000008f100000, 0x000000008f200000|  0%| F|  |TAMS 0x000000008f100000, 0x000000008f100000| Untracked 
| 242|0x000000008f200000, 0x000000008f200000, 0x000000008f300000|  0%| F|  |TAMS 0x000000008f200000, 0x000000008f200000| Untracked 
| 243|0x000000008f300000, 0x000000008f300000, 0x000000008f400000|  0%| F|  |TAMS 0x000000008f300000, 0x000000008f300000| Untracked 
| 244|0x000000008f400000, 0x000000008f400000, 0x000000008f500000|  0%| F|  |TAMS 0x000000008f400000, 0x000000008f400000| Untracked 
| 245|0x000000008f500000, 0x000000008f500000, 0x000000008f600000|  0%| F|  |TAMS 0x000000008f500000, 0x000000008f500000| Untracked 
| 246|0x000000008f600000, 0x000000008f6b9220, 0x000000008f700000| 72%| S|CS|TAMS 0x000000008f600000, 0x000000008f600000| Complete 
| 247|0x000000008f700000, 0x000000008f800000, 0x000000008f800000|100%| S|CS|TAMS 0x000000008f700000, 0x000000008f700000| Complete 
| 248|0x000000008f800000, 0x000000008f800000, 0x000000008f900000|  0%| F|  |TAMS 0x000000008f800000, 0x000000008f800000| Untracked 
| 249|0x000000008f900000, 0x000000008f900000, 0x000000008fa00000|  0%| F|  |TAMS 0x000000008f900000, 0x000000008f900000| Untracked 
| 250|0x000000008fa00000, 0x000000008fa00000, 0x000000008fb00000|  0%| F|  |TAMS 0x000000008fa00000, 0x000000008fa00000| Untracked 
| 251|0x000000008fb00000, 0x000000008fb00000, 0x000000008fc00000|  0%| F|  |TAMS 0x000000008fb00000, 0x000000008fb00000| Untracked 
| 252|0x000000008fc00000, 0x000000008fc00000, 0x000000008fd00000|  0%| F|  |TAMS 0x000000008fc00000, 0x000000008fc00000| Untracked 
| 253|0x000000008fd00000, 0x000000008fd00000, 0x000000008fe00000|  0%| F|  |TAMS 0x000000008fd00000, 0x000000008fd00000| Untracked 
| 254|0x000000008fe00000, 0x000000008fe00000, 0x000000008ff00000|  0%| F|  |TAMS 0x000000008fe00000, 0x000000008fe00000| Untracked 
| 255|0x000000008ff00000, 0x000000008ffb3d28, 0x0000000090000000| 70%| E|  |TAMS 0x000000008ff00000, 0x000000008ff00000| Complete 
| 256|0x0000000090000000, 0x0000000090100000, 0x0000000090100000|100%| E|CS|TAMS 0x0000000090000000, 0x0000000090000000| Complete 
| 257|0x0000000090100000, 0x0000000090200000, 0x0000000090200000|100%| E|CS|TAMS 0x0000000090100000, 0x0000000090100000| Complete 

Card table byte_map: [0x000001ea20500000,0x000001ea20900000] _byte_map_base: 0x000001ea20100000

Marking Bits (Prev, Next): (CMBitMap*) 0x000001ea0d6237d8, (CMBitMap*) 0x000001ea0d623810
 Prev Bits: [0x000001ea20d00000, 0x000001ea22d00000)
 Next Bits: [0x000001ea22d00000, 0x000001ea24d00000)

Polling page: 0x000001ea0b4c0000

Metaspace:

Usage:
  Non-class:     95.66 MB capacity,    93.68 MB ( 98%) used,     1.65 MB (  2%) free+waste,   334.63 KB ( <1%) overhead. 
      Class:     14.49 MB capacity,    13.36 MB ( 92%) used,  1008.27 KB (  7%) free+waste,   152.50 KB (  1%) overhead. 
       Both:    110.15 MB capacity,   107.04 MB ( 97%) used,     2.64 MB (  2%) free+waste,   487.13 KB ( <1%) overhead. 

Virtual space:
  Non-class space:       96.00 MB reserved,      95.85 MB (>99%) committed 
      Class space:        1.00 GB reserved,      14.50 MB (  1%) committed 
             Both:        1.09 GB reserved,     110.35 MB ( 10%) committed 

Chunk freelists:
   Non-Class:  73.00 KB
       Class:  9.00 KB
        Both:  82.00 KB

MaxMetaspaceSize: 17179869184.00 GB
CompressedClassSpaceSize: 1.00 GB
Initial GC threshold: 20.80 MB
Current GC threshold: 180.38 MB
CDS: off

CodeHeap 'non-profiled nmethods': size=120064Kb used=9096Kb max_used=9096Kb free=110967Kb
 bounds [0x000001ea18bc0000, 0x000001ea194b0000, 0x000001ea20100000]
CodeHeap 'profiled nmethods': size=120000Kb used=32618Kb max_used=32618Kb free=87381Kb
 bounds [0x000001ea11690000, 0x000001ea13670000, 0x000001ea18bc0000]
CodeHeap 'non-nmethods': size=5696Kb used=2416Kb max_used=2463Kb free=3279Kb
 bounds [0x000001ea11100000, 0x000001ea11370000, 0x000001ea11690000]
 total_blobs=15918 nmethods=14974 adapters=856
 compilation: enabled
              stopped_count=0, restarted_count=0
 full_count=0

Compilation events (20 events):
Event: 259.050 Thread 0x000001ea27219000 nmethod 15437 0x000001ea13660d10 code [0x000001ea13660ee0, 0x000001ea136610e8]
Event: 259.050 Thread 0x000001ea27219000 15438       3       com.android.aapt.Resources$Entry::getSerializedSize (185 bytes)
Event: 259.054 Thread 0x000001ea27219000 nmethod 15438 0x000001ea13661190 code [0x000001ea136617a0, 0x000001ea13664928]
Event: 259.054 Thread 0x000001ea27219000 15441       3       com.google.protobuf.CodedOutputStream$OutputStreamEncoder::writeLazy (8 bytes)
Event: 259.054 Thread 0x000001ea27219000 nmethod 15441 0x000001ea13665a10 code [0x000001ea13665bc0, 0x000001ea13665ce8]
Event: 259.055 Thread 0x000001ea27219000 15442       3       com.google.protobuf.CodedOutputStream$OutputStreamEncoder::write (157 bytes)
Event: 259.055 Thread 0x000001ea27219000 nmethod 15442 0x000001ea13665d90 code [0x000001ea13665fa0, 0x000001ea13666648]
Event: 259.055 Thread 0x000001ea27219000 15443       3       com.google.protobuf.GeneratedMessageV3::writeString (29 bytes)
Event: 259.055 Thread 0x000001ea27219000 nmethod 15443 0x000001ea13666810 code [0x000001ea13666a00, 0x000001ea13666f78]
Event: 259.056 Thread 0x000001ea27219000 15439       3       com.android.aapt.Resources$Entry::getNameBytes (32 bytes)
Event: 259.056 Thread 0x000001ea27219000 nmethod 15439 0x000001ea13667090 code [0x000001ea136672c0, 0x000001ea13667c38]
Event: 259.056 Thread 0x000001ea27219000 15440       3       com.android.aapt.Resources$ConfigValue::getConfig (18 bytes)
Event: 259.057 Thread 0x000001ea27219000 nmethod 15440 0x000001ea13667f10 code [0x000001ea136680c0, 0x000001ea13668278]
Event: 259.065 Thread 0x000001ea27219000 15444       3       java.lang.Character::isDigit (5 bytes)
Event: 259.065 Thread 0x000001ea27219000 nmethod 15444 0x000001ea13668310 code [0x000001ea136684e0, 0x000001ea13668718]
Event: 259.065 Thread 0x000001ea27219000 15445       3       java.lang.Character::isDigit (9 bytes)
Event: 259.065 Thread 0x000001ea27219000 nmethod 15445 0x000001ea13668810 code [0x000001ea136689e0, 0x000001ea13668bb8]
Event: 259.074 Thread 0x000001ea27219000 15446       3       com.ctc.wstx.sr.BasicStreamReader::readTextPrimary (447 bytes)
Event: 259.076 Thread 0x000001ea27219000 nmethod 15446 0x000001ea13668c90 code [0x000001ea13668f80, 0x000001ea1366a338]
Event: 259.079 Thread 0x000001ea27219000 15447       3       com.android.aaptcompiler.TableExtractor::parseAttrImpl (1806 bytes)

GC Heap History (20 events):
Event: 245.983 GC heap before
{Heap before GC invocations=86 (full 0):
 garbage-first heap   total 264192K, used 217793K [0x0000000080000000, 0x0000000100000000)
  region size 1024K, 12 young (12288K), 3 survivors (3072K)
 Metaspace       used 104940K, capacity 107972K, committed 108264K, reserved 1142784K
  class space    used 13289K, capacity 14365K, committed 14464K, reserved 1048576K
}
Event: 246.001 GC heap after
{Heap after GC invocations=87 (full 0):
 garbage-first heap   total 264192K, used 207474K [0x0000000080000000, 0x0000000100000000)
  region size 1024K, 2 young (2048K), 2 survivors (2048K)
 Metaspace       used 104940K, capacity 107972K, committed 108264K, reserved 1142784K
  class space    used 13289K, capacity 14365K, committed 14464K, reserved 1048576K
}
Event: 246.413 GC heap before
{Heap before GC invocations=87 (full 0):
 garbage-first heap   total 264192K, used 223858K [0x0000000080000000, 0x0000000100000000)
  region size 1024K, 18 young (18432K), 2 survivors (2048K)
 Metaspace       used 105022K, capacity 108072K, committed 108264K, reserved 1142784K
  class space    used 13296K, capacity 14398K, committed 14464K, reserved 1048576K
}
Event: 246.430 GC heap after
{Heap after GC invocations=88 (full 0):
 garbage-first heap   total 264192K, used 207941K [0x0000000080000000, 0x0000000100000000)
  region size 1024K, 2 young (2048K), 2 survivors (2048K)
 Metaspace       used 105022K, capacity 108072K, committed 108264K, reserved 1142784K
  class space    used 13296K, capacity 14398K, committed 14464K, reserved 1048576K
}
Event: 250.240 GC heap before
{Heap before GC invocations=89 (full 0):
 garbage-first heap   total 264192K, used 225349K [0x0000000080000000, 0x0000000100000000)
  region size 1024K, 19 young (19456K), 2 survivors (2048K)
 Metaspace       used 105025K, capacity 108072K, committed 108264K, reserved 1142784K
  class space    used 13296K, capacity 14398K, committed 14464K, reserved 1048576K
}
Event: 250.261 GC heap after
{Heap after GC invocations=90 (full 0):
 garbage-first heap   total 264192K, used 207719K [0x0000000080000000, 0x0000000100000000)
  region size 1024K, 1 young (1024K), 1 survivors (1024K)
 Metaspace       used 105025K, capacity 108072K, committed 108264K, reserved 1142784K
  class space    used 13296K, capacity 14398K, committed 14464K, reserved 1048576K
}
Event: 250.403 GC heap before
{Heap before GC invocations=90 (full 0):
 garbage-first heap   total 264192K, used 218983K [0x0000000080000000, 0x0000000100000000)
  region size 1024K, 12 young (12288K), 1 survivors (1024K)
 Metaspace       used 105025K, capacity 108072K, committed 108264K, reserved 1142784K
  class space    used 13296K, capacity 14398K, committed 14464K, reserved 1048576K
}
Event: 250.414 GC heap after
{Heap after GC invocations=91 (full 0):
 garbage-first heap   total 264192K, used 207489K [0x0000000080000000, 0x0000000100000000)
  region size 1024K, 1 young (1024K), 1 survivors (1024K)
 Metaspace       used 105025K, capacity 108072K, committed 108264K, reserved 1142784K
  class space    used 13296K, capacity 14398K, committed 14464K, reserved 1048576K
}
Event: 250.579 GC heap before
{Heap before GC invocations=91 (full 0):
 garbage-first heap   total 264192K, used 225921K [0x0000000080000000, 0x0000000100000000)
  region size 1024K, 19 young (19456K), 1 survivors (1024K)
 Metaspace       used 105026K, capacity 108072K, committed 108264K, reserved 1142784K
  class space    used 13296K, capacity 14398K, committed 14464K, reserved 1048576K
}
Event: 250.586 GC heap after
{Heap after GC invocations=92 (full 0):
 garbage-first heap   total 264192K, used 207301K [0x0000000080000000, 0x0000000100000000)
  region size 1024K, 1 young (1024K), 1 survivors (1024K)
 Metaspace       used 105026K, capacity 108072K, committed 108264K, reserved 1142784K
  class space    used 13296K, capacity 14398K, committed 14464K, reserved 1048576K
}
Event: 252.888 GC heap before
{Heap before GC invocations=93 (full 0):
 garbage-first heap   total 264192K, used 222661K [0x0000000080000000, 0x0000000100000000)
  region size 1024K, 17 young (17408K), 1 survivors (1024K)
 Metaspace       used 105057K, capacity 108078K, committed 108264K, reserved 1142784K
  class space    used 13299K, capacity 14400K, committed 14464K, reserved 1048576K
}
Event: 252.910 GC heap after
{Heap after GC invocations=94 (full 0):
 garbage-first heap   total 264192K, used 212575K [0x0000000080000000, 0x0000000100000000)
  region size 1024K, 3 young (3072K), 3 survivors (3072K)
 Metaspace       used 105057K, capacity 108078K, committed 108264K, reserved 1142784K
  class space    used 13299K, capacity 14400K, committed 14464K, reserved 1048576K
}
Event: 254.672 GC heap before
{Heap before GC invocations=95 (full 0):
 garbage-first heap   total 264192K, used 244319K [0x0000000080000000, 0x0000000100000000)
  region size 1024K, 18 young (18432K), 3 survivors (3072K)
 Metaspace       used 105502K, capacity 108615K, committed 108904K, reserved 1144832K
  class space    used 13341K, capacity 14482K, committed 14592K, reserved 1048576K
}
Event: 254.687 GC heap after
{Heap after GC invocations=96 (full 0):
 garbage-first heap   total 264192K, used 213943K [0x0000000080000000, 0x0000000100000000)
  region size 1024K, 2 young (2048K), 2 survivors (2048K)
 Metaspace       used 105502K, capacity 108615K, committed 108904K, reserved 1144832K
  class space    used 13341K, capacity 14482K, committed 14592K, reserved 1048576K
}
Event: 255.024 GC heap before
{Heap before GC invocations=96 (full 0):
 garbage-first heap   total 264192K, used 224183K [0x0000000080000000, 0x0000000100000000)
  region size 1024K, 12 young (12288K), 2 survivors (2048K)
 Metaspace       used 105556K, capacity 108633K, committed 108904K, reserved 1144832K
  class space    used 13344K, capacity 14486K, committed 14592K, reserved 1048576K
}
Event: 255.031 GC heap after
{Heap after GC invocations=97 (full 0):
 garbage-first heap   total 264192K, used 215445K [0x0000000080000000, 0x0000000100000000)
  region size 1024K, 2 young (2048K), 2 survivors (2048K)
 Metaspace       used 105556K, capacity 108633K, committed 108904K, reserved 1144832K
  class space    used 13344K, capacity 14486K, committed 14592K, reserved 1048576K
}
Event: 257.415 GC heap before
{Heap before GC invocations=97 (full 0):
 garbage-first heap   total 264192K, used 228757K [0x0000000080000000, 0x0000000100000000)
  region size 1024K, 15 young (15360K), 2 survivors (2048K)
 Metaspace       used 107403K, capacity 110553K, committed 110824K, reserved 1144832K
  class space    used 13485K, capacity 14648K, committed 14720K, reserved 1048576K
}
Event: 257.433 GC heap after
{Heap after GC invocations=98 (full 0):
 garbage-first heap   total 264192K, used 217064K [0x0000000080000000, 0x0000000100000000)
  region size 1024K, 2 young (2048K), 2 survivors (2048K)
 Metaspace       used 107403K, capacity 110553K, committed 110824K, reserved 1144832K
  class space    used 13485K, capacity 14648K, committed 14720K, reserved 1048576K
}
Event: 258.792 GC heap before
{Heap before GC invocations=99 (full 0):
 garbage-first heap   total 264192K, used 202728K [0x0000000080000000, 0x0000000100000000)
  region size 1024K, 14 young (14336K), 2 survivors (2048K)
 Metaspace       used 108486K, capacity 111664K, committed 111976K, reserved 1146880K
  class space    used 13573K, capacity 14741K, committed 14848K, reserved 1048576K
}
Event: 258.803 GC heap after
{Heap after GC invocations=100 (full 0):
 garbage-first heap   total 264192K, used 193149K [0x0000000080000000, 0x0000000100000000)
  region size 1024K, 2 young (2048K), 2 survivors (2048K)
 Metaspace       used 108486K, capacity 111664K, committed 111976K, reserved 1146880K
  class space    used 13573K, capacity 14741K, committed 14848K, reserved 1048576K
}

Deoptimization events (20 events):
Event: 258.998 Thread 0x000001ea2e66e000 Uncommon trap: trap_request=0xffffff4d fr.pc=0x000001ea1947dfb0 relative=0x00000000000025b0
Event: 258.998 Thread 0x000001ea2e66e000 Uncommon trap: reason=unstable_if action=reinterpret pc=0x000001ea1947dfb0 method=com.ctc.wstx.evt.DefaultEventAllocator.allocate(Ljavax/xml/stream/XMLStreamReader;)Ljavax/xml/stream/events/XMLEvent; @ 44 c2
Event: 258.998 Thread 0x000001ea2e66e000 DEOPT PACKING pc=0x000001ea1947dfb0 sp=0x0000005d632fdad0
Event: 258.998 Thread 0x000001ea2e66e000 DEOPT UNPACKING pc=0x000001ea1114a1af sp=0x0000005d632fdad0 mode 2
Event: 258.998 Thread 0x000001ea2e66e000 Uncommon trap: trap_request=0xffffff4d fr.pc=0x000001ea194917ac relative=0x000000000000016c
Event: 258.998 Thread 0x000001ea2e66e000 Uncommon trap: reason=unstable_if action=reinterpret pc=0x000001ea194917ac method=com.ctc.wstx.sr.BasicStreamReader.next()I @ 24 c2
Event: 258.998 Thread 0x000001ea2e66e000 DEOPT PACKING pc=0x000001ea194917ac sp=0x0000005d632fdbc0
Event: 258.998 Thread 0x000001ea2e66e000 DEOPT UNPACKING pc=0x000001ea1114a1af sp=0x0000005d632fdb50 mode 2
Event: 258.998 Thread 0x000001ea2e66e000 Uncommon trap: trap_request=0xffffff4d fr.pc=0x000001ea19483704 relative=0x00000000000002a4
Event: 258.998 Thread 0x000001ea2e66e000 Uncommon trap: reason=unstable_if action=reinterpret pc=0x000001ea19483704 method=com.ctc.wstx.util.SymbolTable.findSymbol([CIII)Ljava/lang/String; @ 108 c2
Event: 258.998 Thread 0x000001ea2e66e000 DEOPT PACKING pc=0x000001ea19483704 sp=0x0000005d632fd260
Event: 258.998 Thread 0x000001ea2e66e000 DEOPT UNPACKING pc=0x000001ea1114a1af sp=0x0000005d632fd1a0 mode 2
Event: 259.063 Thread 0x000001ea2e670800 Uncommon trap: trap_request=0xffffff4d fr.pc=0x000001ea194939fc relative=0x00000000000009bc
Event: 259.064 Thread 0x000001ea2e670800 Uncommon trap: reason=unstable_if action=reinterpret pc=0x000001ea194939fc method=com.android.aaptcompiler.XmlStringBuilder.append(Ljava/lang/String;)Lcom/android/aaptcompiler/XmlStringBuilder; @ 271 c2
Event: 259.064 Thread 0x000001ea2e670800 DEOPT PACKING pc=0x000001ea194939fc sp=0x0000005d631fd090
Event: 259.064 Thread 0x000001ea2e670800 DEOPT UNPACKING pc=0x000001ea1114a1af sp=0x0000005d631fd088 mode 2
Event: 259.072 Thread 0x000001ea2e66c800 Uncommon trap: trap_request=0xffffff4d fr.pc=0x000001ea194a1914 relative=0x0000000000000c34
Event: 259.072 Thread 0x000001ea2e66c800 Uncommon trap: reason=unstable_if action=reinterpret pc=0x000001ea194a1914 method=com.ctc.wstx.util.TextBuffer.resetWithIndentation(IC)V @ 69 c2
Event: 259.072 Thread 0x000001ea2e66c800 DEOPT PACKING pc=0x000001ea194a1914 sp=0x0000005d630fd630
Event: 259.072 Thread 0x000001ea2e66c800 DEOPT UNPACKING pc=0x000001ea1114a1af sp=0x0000005d630fd4c0 mode 2

Classes redefined (0 events):
No events

Internal exceptions (20 events):
Event: 214.280 Thread 0x000001ea2ca9a000 Exception <a 'java/lang/NoClassDefFoundError'{0x000000008e86f508}: org/jetbrains/kotlin/gradle/plugin/KotlinBasePluginWrapper> (0x000000008e86f508) thrown at [./src/hotspot/share/oops/constantPool.cpp, line 775]
Event: 214.373 Thread 0x000001ea2ca9a000 Implicit null exception at 0x000001ea191cb8dc to 0x000001ea191cc60c
Event: 215.144 Thread 0x000001ea2ca9a000 Exception <a 'sun/nio/fs/WindowsException'{0x000000008e553670}> (0x000000008e553670) thrown at [./src/hotspot/share/prims/jni.cpp, line 616]
Event: 215.923 Thread 0x000001ea2ca9a000 Exception <a 'sun/nio/fs/WindowsException'{0x000000008e5f8d40}> (0x000000008e5f8d40) thrown at [./src/hotspot/share/prims/jni.cpp, line 616]
Event: 215.949 Thread 0x000001ea2ca9a000 Exception <a 'sun/nio/fs/WindowsException'{0x000000008e5fa0b8}> (0x000000008e5fa0b8) thrown at [./src/hotspot/share/prims/jni.cpp, line 616]
Event: 215.949 Thread 0x000001ea2ca9a000 Exception <a 'sun/nio/fs/WindowsException'{0x000000008e5fb480}> (0x000000008e5fb480) thrown at [./src/hotspot/share/prims/jni.cpp, line 616]
Event: 215.949 Thread 0x000001ea2ca9a000 Exception <a 'sun/nio/fs/WindowsException'{0x000000008e5fc848}> (0x000000008e5fc848) thrown at [./src/hotspot/share/prims/jni.cpp, line 616]
Event: 222.188 Thread 0x000001ea2e66f800 Exception <a 'java/lang/NoSuchMethodError'{0x000000008dcdbbc0}: <clinit>> (0x000000008dcdbbc0) thrown at [./src/hotspot/share/prims/jni.cpp, line 1366]
Event: 222.258 Thread 0x000001ea2e66f800 Exception <a 'java/lang/NoSuchMethodError'{0x000000008dcf7fd8}: <clinit>> (0x000000008dcf7fd8) thrown at [./src/hotspot/share/prims/jni.cpp, line 1366]
Event: 222.261 Thread 0x000001ea2e66f800 Exception <a 'java/lang/NoSuchMethodError'{0x000000008db11c78}: <clinit>> (0x000000008db11c78) thrown at [./src/hotspot/share/prims/jni.cpp, line 1366]
Event: 222.887 Thread 0x000001ea2e66b800 Exception <a 'java/lang/NoSuchMethodError'{0x000000008da4df90}: 'java.lang.Object java.lang.invoke.DirectMethodHandle$Holder.invokeInterface(java.lang.Object, java.lang.Object, int)'> (0x000000008da4df90) thrown at [./src/hotspot/share/interpreter/linkResolver.cpp, line 773]
Event: 222.894 Thread 0x000001ea2e66b800 Exception <a 'java/lang/NoSuchMethodError'{0x000000008da6e680}: 'void java.lang.invoke.DirectMethodHandle$Holder.invokeStatic(java.lang.Object, java.lang.Object, java.lang.Object, int)'> (0x000000008da6e680) thrown at [./src/hotspot/share/interpreter/linkResolver.cpp, line 773]
Event: 222.901 Thread 0x000001ea2ca96000 Exception <a 'java/lang/NoSuchMethodError'{0x000000008da86100}: <clinit>> (0x000000008da86100) thrown at [./src/hotspot/share/prims/jni.cpp, line 1366]
Event: 226.679 Thread 0x000001ea2e66b800 Implicit null exception at 0x000001ea19269319 to 0x000001ea19269d54
Event: 226.703 Thread 0x000001ea2c942800 Implicit null exception at 0x000001ea1926b4a4 to 0x000001ea1926bf04
Event: 252.865 Thread 0x000001ea2e66b800 Implicit null exception at 0x000001ea193ae451 to 0x000001ea193b3e04
Event: 252.867 Thread 0x000001ea2e66b800 Implicit null exception at 0x000001ea193ae451 to 0x000001ea193b3e04
Event: 253.395 Thread 0x000001ea2e66b800 Implicit null exception at 0x000001ea193ae451 to 0x000001ea193b3e04
Event: 254.097 Thread 0x000001ea2e66b800 Exception <a 'java/lang/NoSuchMethodError'{0x000000008fdd9e80}: <clinit>> (0x000000008fdd9e80) thrown at [./src/hotspot/share/prims/jni.cpp, line 1366]
Event: 254.279 Thread 0x000001ea2e66b800 Exception <a 'java/lang/NoSuchMethodError'{0x000000008fa380c0}: <clinit>> (0x000000008fa380c0) thrown at [./src/hotspot/share/prims/jni.cpp, line 1366]

Events (20 events):
Event: 258.970 loading class com/google/protobuf/NioByteString
Event: 258.970 loading class com/google/protobuf/NioByteString done
Event: 258.973 loading class com/google/protobuf/ByteString$BoundedByteString
Event: 258.973 loading class com/google/protobuf/ByteString$BoundedByteString done
Event: 258.974 loading class com/google/protobuf/ByteString$ArraysByteArrayCopier
Event: 258.974 loading class com/google/protobuf/ByteString$ArraysByteArrayCopier done
Event: 258.975 loading class com/google/protobuf/ByteString$2
Event: 258.975 loading class com/google/protobuf/ByteString$2 done
Event: 258.975 loading class com/android/aapt/Resources$StringPool$1
Event: 258.975 loading class com/android/aapt/Resources$StringPool$1 done
Event: 258.976 loading class com/android/aapt/Resources$StringPool$Builder
Event: 258.976 loading class com/android/aapt/Resources$StringPool$Builder done
Event: 258.978 loading class com/android/aaptcompiler/Container$EntryType
Event: 258.978 loading class com/android/aaptcompiler/Container$EntryType done
Event: 258.979 loading class com/google/protobuf/WireFormat
Event: 258.979 loading class com/google/protobuf/WireFormat done
Event: 259.069 loading class com/android/aaptcompiler/TableExtractor$extractResource$parseBagMethod$5
Event: 259.069 loading class com/android/aaptcompiler/TableExtractor$extractResource$parseBagMethod$5 done
Event: 259.076 loading class com/android/aaptcompiler/ResourceTable$setVisibilityWithId$1
Event: 259.076 loading class com/android/aaptcompiler/ResourceTable$setVisibilityWithId$1 done


Dynamic libraries:
0x00007ff66a5a0000 - 0x00007ff66a5aa000 	C:\Program Files\Android\Android Studio\jre\bin\java.exe
0x00007ff9f1570000 - 0x00007ff9f1768000 	C:\WINDOWS\SYSTEM32\ntdll.dll
0x00007ff9c20a0000 - 0x00007ff9c20b7000 	C:\Program Files\Avast Software\Avast\aswhook.dll
0x00007ff9f0250000 - 0x00007ff9f030d000 	C:\WINDOWS\System32\KERNEL32.DLL
0x00007ff9ef160000 - 0x00007ff9ef432000 	C:\WINDOWS\System32\KERNELBASE.dll
0x00007ff9ef060000 - 0x00007ff9ef160000 	C:\WINDOWS\System32\ucrtbase.dll
0x00007ff9de760000 - 0x00007ff9de779000 	C:\Program Files\Android\Android Studio\jre\bin\jli.dll
0x00007ff9dfdd0000 - 0x00007ff9dfde7000 	C:\Program Files\Android\Android Studio\jre\bin\VCRUNTIME140.dll
0x00007ff9f0080000 - 0x00007ff9f021d000 	C:\WINDOWS\System32\USER32.dll
0x00007ff9d26f0000 - 0x00007ff9d298a000 	C:\WINDOWS\WinSxS\amd64_microsoft.windows.common-controls_6595b64144ccf1df_6.0.19041.1110_none_60b5254171f9507e\COMCTL32.dll
0x00007ff9ef440000 - 0x00007ff9ef462000 	C:\WINDOWS\System32\win32u.dll
0x00007ff9f0600000 - 0x00007ff9f069e000 	C:\WINDOWS\System32\msvcrt.dll
0x00007ff9f0220000 - 0x00007ff9f024b000 	C:\WINDOWS\System32\GDI32.dll
0x00007ff9eee30000 - 0x00007ff9eef3f000 	C:\WINDOWS\System32\gdi32full.dll
0x00007ff9eed90000 - 0x00007ff9eee2d000 	C:\WINDOWS\System32\msvcp_win.dll
0x00007ff9efe20000 - 0x00007ff9efe50000 	C:\WINDOWS\System32\IMM32.DLL
0x00007ff9cc410000 - 0x00007ff9cc4ad000 	C:\Program Files\Android\Android Studio\jre\bin\msvcp140.dll
0x00007ff99e450000 - 0x00007ff99ef52000 	C:\Program Files\Android\Android Studio\jre\bin\server\jvm.dll
0x00007ff9efc50000 - 0x00007ff9efcfe000 	C:\WINDOWS\System32\ADVAPI32.dll
0x00007ff9ef660000 - 0x00007ff9ef6fc000 	C:\WINDOWS\System32\sechost.dll
0x00007ff9f0700000 - 0x00007ff9f0825000 	C:\WINDOWS\System32\RPCRT4.dll
0x00007ff9f0310000 - 0x00007ff9f0318000 	C:\WINDOWS\System32\PSAPI.DLL
0x00007ff9ed3b0000 - 0x00007ff9ed3b9000 	C:\WINDOWS\SYSTEM32\WSOCK32.dll
0x00007ff9e9520000 - 0x00007ff9e952a000 	C:\WINDOWS\SYSTEM32\VERSION.dll
0x00007ff9efd00000 - 0x00007ff9efd6b000 	C:\WINDOWS\System32\WS2_32.dll
0x00007ff9d2630000 - 0x00007ff9d2657000 	C:\WINDOWS\SYSTEM32\WINMM.dll
0x00007ff9ed4d0000 - 0x00007ff9ed4e2000 	C:\WINDOWS\SYSTEM32\kernel.appcore.dll
0x00007ff9e8e40000 - 0x00007ff9e8e51000 	C:\Program Files\Android\Android Studio\jre\bin\verify.dll
0x00007ff9ec9f0000 - 0x00007ff9ecbd4000 	C:\WINDOWS\SYSTEM32\DBGHELP.DLL
0x00007ff9e81b0000 - 0x00007ff9e81dc000 	C:\WINDOWS\SYSTEM32\dbgcore.DLL
0x00007ff9eecd0000 - 0x00007ff9eed52000 	C:\WINDOWS\System32\bcryptPrimitives.dll
0x00007ff9e8230000 - 0x00007ff9e8259000 	C:\Program Files\Android\Android Studio\jre\bin\java.dll
0x00007ff9e9800000 - 0x00007ff9e980b000 	C:\Program Files\Android\Android Studio\jre\bin\jimage.dll
0x00007ff9e8e10000 - 0x00007ff9e8e28000 	C:\Program Files\Android\Android Studio\jre\bin\zip.dll
0x00007ff9f08e0000 - 0x00007ff9f1023000 	C:\WINDOWS\System32\SHELL32.dll
0x00007ff9ecbe0000 - 0x00007ff9ed371000 	C:\WINDOWS\SYSTEM32\windows.storage.dll
0x00007ff9f11d0000 - 0x00007ff9f1524000 	C:\WINDOWS\System32\combase.dll
0x00007ff9ee670000 - 0x00007ff9ee6a0000 	C:\WINDOWS\SYSTEM32\Wldp.dll
0x00007ff9efd70000 - 0x00007ff9efe1d000 	C:\WINDOWS\System32\SHCORE.dll
0x00007ff9f06a0000 - 0x00007ff9f06f5000 	C:\WINDOWS\System32\shlwapi.dll
0x00007ff9eebc0000 - 0x00007ff9eebdf000 	C:\WINDOWS\SYSTEM32\profapi.dll
0x00007ff9e87d0000 - 0x00007ff9e87ea000 	C:\Program Files\Android\Android Studio\jre\bin\net.dll
0x00007ff9e8be0000 - 0x00007ff9e8ced000 	C:\WINDOWS\SYSTEM32\WINHTTP.dll
0x00007ff9ee3d0000 - 0x00007ff9ee43a000 	C:\WINDOWS\system32\mswsock.dll
0x00007ff9e7e80000 - 0x00007ff9e7e94000 	C:\Program Files\Android\Android Studio\jre\bin\nio.dll
0x00007ff9de780000 - 0x00007ff9de7a7000 	C:\Users\admin\.gradle\native\e1d6ef7f7dcc3fd88c89a11ec53ec762bb8ba0a96d01ffa2cd45eb1d1d8dd5c5\windows-amd64\native-platform.dll
0x00007ff9badd0000 - 0x00007ff9baf14000 	C:\Users\admin\.gradle\native\5664cfc778a61ccfe75a443a1ab52a65af34e5dc3c78e0209fed803814484fcb\windows-amd64\native-platform-file-events.dll
0x00007ff9e96e0000 - 0x00007ff9e96ea000 	C:\Program Files\Android\Android Studio\jre\bin\management.dll
0x00007ff9e8df0000 - 0x00007ff9e8dfd000 	C:\Program Files\Android\Android Studio\jre\bin\management_ext.dll
0x00007ff9ee5c0000 - 0x00007ff9ee5d8000 	C:\WINDOWS\SYSTEM32\CRYPTSP.dll
0x00007ff9edc80000 - 0x00007ff9edcb4000 	C:\WINDOWS\system32\rsaenh.dll
0x00007ff9eed60000 - 0x00007ff9eed87000 	C:\WINDOWS\System32\bcrypt.dll
0x00007ff9eeb40000 - 0x00007ff9eeb6e000 	C:\WINDOWS\SYSTEM32\USERENV.dll
0x00007ff9ee5e0000 - 0x00007ff9ee5ec000 	C:\WINDOWS\SYSTEM32\CRYPTBASE.dll
0x00007ff9ee050000 - 0x00007ff9ee08b000 	C:\WINDOWS\SYSTEM32\IPHLPAPI.DLL
0x00007ff9ef5d0000 - 0x00007ff9ef5d8000 	C:\WINDOWS\System32\NSI.dll
0x00007ff9e6e50000 - 0x00007ff9e6e67000 	C:\WINDOWS\SYSTEM32\dhcpcsvc6.DLL
0x00007ff9e7470000 - 0x00007ff9e748d000 	C:\WINDOWS\SYSTEM32\dhcpcsvc.DLL
0x00007ff9ee100000 - 0x00007ff9ee1ca000 	C:\WINDOWS\SYSTEM32\DNSAPI.dll

dbghelp: loaded successfully - version: 4.0.5 - missing functions: none
symbol engine: initialized successfully - sym options: 0x614 - pdb path: .;C:\Program Files\Android\Android Studio\jre\bin;C:\WINDOWS\SYSTEM32;C:\Program Files\Avast Software\Avast;C:\WINDOWS\WinSxS\amd64_microsoft.windows.common-controls_6595b64144ccf1df_6.0.19041.1110_none_60b5254171f9507e;C:\Program Files\Android\Android Studio\jre\bin\server;C:\Users\admin\.gradle\native\e1d6ef7f7dcc3fd88c89a11ec53ec762bb8ba0a96d01ffa2cd45eb1d1d8dd5c5\windows-amd64;C:\Users\admin\.gradle\native\5664cfc778a61ccfe75a443a1ab52a65af34e5dc3c78e0209fed803814484fcb\windows-amd64

VM Arguments:
jvm_args: --add-opens=java.base/java.util=ALL-UNNAMED --add-opens=java.base/java.lang=ALL-UNNAMED --add-opens=java.base/java.lang.invoke=ALL-UNNAMED --add-opens=java.base/java.util=ALL-UNNAMED --add-opens=java.prefs/java.util.prefs=ALL-UNNAMED --add-opens=java.prefs/java.util.prefs=ALL-UNNAMED --add-opens=java.base/java.nio.charset=ALL-UNNAMED --add-opens=java.base/java.net=ALL-UNNAMED --add-opens=java.base/java.util.concurrent.atomic=ALL-UNNAMED -Xmx2048m -Dfile.encoding=UTF-8 -Duser.country=US -Duser.language=en -Duser.variant 
java_command: org.gradle.launcher.daemon.bootstrap.GradleDaemon 7.2
java_class_path (initial): C:\Users\admin\.gradle\wrapper\dists\gradle-7.2-bin\2dnblmf4td7x66yl1d74lt32g\gradle-7.2\lib\gradle-launcher-7.2.jar
Launcher Type: SUN_STANDARD

[Global flags]
     intx CICompilerCount                          = 3                                         {product} {ergonomic}
     uint ConcGCThreads                            = 1                                         {product} {ergonomic}
     uint G1ConcRefinementThreads                  = 4                                         {product} {ergonomic}
   size_t G1HeapRegionSize                         = 1048576                                   {product} {ergonomic}
    uintx GCDrainStackTargetSize                   = 64                                        {product} {ergonomic}
   size_t InitialHeapSize                          = 130023424                                 {product} {ergonomic}
   size_t MarkStackSize                            = 4194304                                   {product} {ergonomic}
   size_t MaxHeapSize                              = 2147483648                                {product} {command line}
   size_t MaxNewSize                               = 1287651328                                {product} {ergonomic}
   size_t MinHeapDeltaBytes                        = 1048576                                   {product} {ergonomic}
    uintx NonNMethodCodeHeapSize                   = 5830732                                {pd product} {ergonomic}
    uintx NonProfiledCodeHeapSize                  = 122913754                              {pd product} {ergonomic}
    uintx ProfiledCodeHeapSize                     = 122913754                              {pd product} {ergonomic}
    uintx ReservedCodeCacheSize                    = 251658240                              {pd product} {ergonomic}
     bool SegmentedCodeCache                       = true                                      {product} {ergonomic}
     bool UseCompressedClassPointers               = true                                 {lp64_product} {ergonomic}
     bool UseCompressedOops                        = true                                 {lp64_product} {ergonomic}
     bool UseG1GC                                  = true                                      {product} {ergonomic}
     bool UseLargePagesIndividualAllocation        = false                                  {pd product} {ergonomic}

Logging:
Log output configuration:
 #0: stdout all=warning uptime,level,tags
 #1: stderr all=off uptime,level,tags

Environment Variables:
PATH=C:\Program Files (x86)\Common Files\Oracle\Java\javapath;C:\WINDOWS\system32;C:\WINDOWS;C:\WINDOWS\System32\Wbem;C:\WINDOWS\System32\WindowsPowerShell\v1.0\;C:\WINDOWS\System32\OpenSSH\;C:\Users\admin\AppData\Local\Microsoft\WindowsApps;C:\adb;C:\WINDOWS\system32;C:\WINDOWS;C:\WINDOWS\System32\Wbem;C:\WINDOWS\System32\WindowsPowerShell\v1.0\;C:\WINDOWS\System32\OpenSSH\;C:\Program Files\Git\cmd;C:\Users\xampp\php;C:\ProgramData\ComposerSetup\bin;C:\Program Files\wkhtmltopdf\lib;C:\Program Files\wkhtmltopdf\bin;C:\Program Files\wkhtmltopdf\bin\wkhtmltopdf.exe;C:\Program Files\wkhtmltopdf\bin\wkhtmltopdf.exe;C:\Program Files\wkhtmltopdf\bin;C:\Users\admin\AppData\Local\Programs\Python\Python38\Scripts\;C:\Users\admin\AppData\Local\Programs\Python\Python38\;C:\Users\admin\AppData\Local\activestate\cache\bin;C:\Users\admin\AppData\Local\Microsoft\WindowsApps;C:\Users\admin\AppData\Local\Programs\Microsoft VS Code\bin;C:\Users\admin\Downloads\flutter_windows_2.8.1-stable\flutter\bin;C:\Users\admin\AppData\Local\GitHubDesktop\bin;C:\Users\admin\AppData\Local\ComposerSetup\bin;C:\Users\admin\AppData\Roaming\Composer\vendor\bin;C:\Program Files\wkhtmltopdf\bin\;;C:\Program Files\JetBrains\PyCharm Community Edition 2022.2.1\bin;
USERNAME=admin
OS=Windows_NT
PROCESSOR_IDENTIFIER=Intel64 Family 6 Model 78 Stepping 3, GenuineIntel



---------------  S Y S T E M  ---------------

OS: Windows 10 , 64 bit Build 19041 (10.0.19041.1889)
OS uptime: 0 days 19:07 hours

CPU:total 4 (initial active 4) (2 cores per cpu, 2 threads per core) family 6 model 78 stepping 3 microcode 0xcc, cmov, cx8, fxsr, mmx, sse, sse2, sse3, ssse3, sse4.1, sse4.2, popcnt, avx, avx2, aes, clmul, erms, rtm, 3dnowpref, lzcnt, ht, tsc, tscinvbit, bmi1, bmi2, adx, fma

Memory: 4k page, system-wide physical 7863M (188M free)
TotalPageFile size 32439M (AvailPageFile size 6M)
current process WorkingSet (physical memory assigned to process): 377M, peak: 463M
current process commit charge ("private bytes"): 577M, peak: 588M

vm_info: OpenJDK 64-Bit Server VM (11.0.13+0-b1751.21-8125866) for windows-amd64 JRE (11.0.13+0-b1751.21-8125866), built on Feb  2 2022 03:00:22 by "builder" with MS VC++ 14.0 (VS2015)

END.
